This file contains any messages produced by compilers while
running configure, to aid debugging if configure makes a mistake.

It was created by MTcoin Core configure 0.9.5, which was
generated by GNU Autoconf 2.69.  Invocation command line was

  $ ./configure --without-miniupnpc

## --------- ##
## Platform. ##
## --------- ##

hostname = whitebear24.local
uname -m = x86_64
uname -r = 15.0.0
uname -s = Darwin
uname -v = Darwin Kernel Version 15.0.0: Sat Sep 19 15:53:46 PDT 2015; root:xnu-3247.10.11~1/RELEASE_X86_64

/usr/bin/uname -p = i386
/bin/uname -X     = unknown

/bin/arch              = unknown
/usr/bin/arch -k       = unknown
/usr/convex/getsysinfo = unknown
/usr/bin/hostinfo      = Mach kernel version:
	 Darwin Kernel Version 15.0.0: Sat Sep 19 15:53:46 PDT 2015; root:xnu-3247.10.11~1/RELEASE_X86_64
Kernel configured for up to 4 processors.
2 processors are physically available.
4 processors are logically available.
Processor type: x86_64h (Intel x86-64h Haswell)
Processors active: 0 1 2 3
Primary memory available: 8.00 gigabytes
Default processor set: 276 tasks, 1925 threads, 4 processors
Load average: 2.04, Mach factor: 1.97
/bin/machine           = unknown
/usr/bin/oslevel       = unknown
/bin/universe          = unknown

PATH: /Users/mori/.nodebrew/current/bin
PATH: /Users/mori/.pyenv/shims
PATH: /Users/mori/.pyenv/bin
PATH: /Users/mori/anaconda/bin
PATH: /usr/local/mysql/bin
PATH: /opt/local/bin
PATH: /opt/local/sbin
PATH: /opt/local/apache2/bin
PATH: /usr/local/bin
PATH: /usr/bin
PATH: /bin
PATH: /usr/sbin
PATH: /sbin
PATH: /Applications/Wireshark.app/Contents/MacOS


## ----------- ##
## Core tests. ##
## ----------- ##

configure:2733: checking build system type
configure:2747: result: x86_64-apple-darwin15.0.0
configure:2767: checking host system type
configure:2780: result: x86_64-apple-darwin15.0.0
configure:2921: checking for a BSD-compatible install
configure:2989: result: /usr/bin/install -c
configure:3000: checking whether build environment is sane
configure:3055: result: yes
configure:3206: checking for a thread-safe mkdir -p
configure:3245: result: src/build-aux/install-sh -c -d
configure:3252: checking for gawk
configure:3282: result: no
configure:3252: checking for mawk
configure:3282: result: no
configure:3252: checking for nawk
configure:3282: result: no
configure:3252: checking for awk
configure:3268: found /usr/bin/awk
configure:3279: result: awk
configure:3290: checking whether make sets $(MAKE)
configure:3312: result: yes
configure:3341: checking whether make supports nested variables
configure:3358: result: yes
configure:3477: checking whether to enable maintainer-specific portions of Makefiles
configure:3486: result: yes
configure:3511: checking whether make supports nested variables
configure:3528: result: yes
configure:3702: checking for g++
configure:3718: found /usr/bin/g++
configure:3729: result: g++
configure:3756: checking for C++ compiler version
configure:3765: g++ --version >&5
Apple LLVM version 7.3.0 (clang-703.0.31)
Target: x86_64-apple-darwin15.0.0
Thread model: posix
InstalledDir: /Applications/Xcode.app/Contents/Developer/Toolchains/XcodeDefault.xctoolchain/usr/bin
Configured with: --prefix=/Applications/Xcode.app/Contents/Developer/usr --with-gxx-include-dir=/usr/include/c++/4.2.1
configure:3776: $? = 0
configure:3765: g++ -v >&5
Configured with: --prefix=/Applications/Xcode.app/Contents/Developer/usr --with-gxx-include-dir=/usr/include/c++/4.2.1
Apple LLVM version 7.3.0 (clang-703.0.31)
Target: x86_64-apple-darwin15.0.0
Thread model: posix
InstalledDir: /Applications/Xcode.app/Contents/Developer/Toolchains/XcodeDefault.xctoolchain/usr/bin
configure:3776: $? = 0
configure:3765: g++ -V >&5
clang: error: argument to '-V' is missing (expected 1 value)
clang: error: no input files
configure:3776: $? = 1
configure:3765: g++ -qversion >&5
clang: error: unknown argument: '-qversion'
clang: error: no input files
configure:3776: $? = 1
configure:3796: checking whether the C++ compiler works
configure:3818: g++    conftest.cpp  >&5
configure:3822: $? = 0
configure:3870: result: yes
configure:3873: checking for C++ compiler default output file name
configure:3875: result: a.out
configure:3881: checking for suffix of executables
configure:3888: g++ -o conftest    conftest.cpp  >&5
configure:3892: $? = 0
configure:3914: result: 
configure:3936: checking whether we are cross compiling
configure:3944: g++ -o conftest    conftest.cpp  >&5
configure:3948: $? = 0
configure:3955: ./conftest
configure:3959: $? = 0
configure:3974: result: no
configure:3979: checking for suffix of object files
configure:4001: g++ -c   conftest.cpp >&5
configure:4005: $? = 0
configure:4026: result: o
configure:4030: checking whether we are using the GNU C++ compiler
configure:4049: g++ -c   conftest.cpp >&5
configure:4049: $? = 0
configure:4058: result: yes
configure:4067: checking whether g++ accepts -g
configure:4087: g++ -c -g  conftest.cpp >&5
configure:4087: $? = 0
configure:4128: result: yes
configure:4162: checking for style of include used by make
configure:4190: result: GNU
configure:4216: checking dependency style of g++
configure:4327: result: gcc3
configure:4390: checking for gcc
configure:4406: found /usr/bin/gcc
configure:4417: result: gcc
configure:4646: checking for C compiler version
configure:4655: gcc --version >&5
Apple LLVM version 7.3.0 (clang-703.0.31)
Target: x86_64-apple-darwin15.0.0
Thread model: posix
InstalledDir: /Applications/Xcode.app/Contents/Developer/Toolchains/XcodeDefault.xctoolchain/usr/bin
Configured with: --prefix=/Applications/Xcode.app/Contents/Developer/usr --with-gxx-include-dir=/usr/include/c++/4.2.1
configure:4666: $? = 0
configure:4655: gcc -v >&5
Configured with: --prefix=/Applications/Xcode.app/Contents/Developer/usr --with-gxx-include-dir=/usr/include/c++/4.2.1
Apple LLVM version 7.3.0 (clang-703.0.31)
Target: x86_64-apple-darwin15.0.0
Thread model: posix
InstalledDir: /Applications/Xcode.app/Contents/Developer/Toolchains/XcodeDefault.xctoolchain/usr/bin
configure:4666: $? = 0
configure:4655: gcc -V >&5
clang: error: argument to '-V' is missing (expected 1 value)
clang: error: no input files
configure:4666: $? = 1
configure:4655: gcc -qversion >&5
clang: error: unknown argument: '-qversion'
clang: error: no input files
configure:4666: $? = 1
configure:4670: checking whether we are using the GNU C compiler
configure:4689: gcc -c   conftest.c >&5
configure:4689: $? = 0
configure:4698: result: yes
configure:4707: checking whether gcc accepts -g
configure:4727: gcc -c -g  conftest.c >&5
configure:4727: $? = 0
configure:4768: result: yes
configure:4785: checking for gcc option to accept ISO C89
configure:4848: gcc  -c -g -O2  conftest.c >&5
configure:4848: $? = 0
configure:4861: result: none needed
configure:4886: checking whether gcc understands -c and -o together
configure:4908: gcc -c conftest.c -o conftest2.o
configure:4911: $? = 0
configure:4908: gcc -c conftest.c -o conftest2.o
configure:4911: $? = 0
configure:4923: result: yes
configure:4942: checking dependency style of gcc
configure:5053: result: gcc3
configure:5073: checking how to run the C preprocessor
configure:5104: gcc -E  conftest.c
configure:5104: $? = 0
configure:5118: gcc -E  conftest.c
conftest.c:9:10: fatal error: 'ac_nonexistent.h' file not found
#include <ac_nonexistent.h>
         ^
1 error generated.
configure:5118: $? = 1
configure: failed program was:
| /* confdefs.h */
| #define PACKAGE_NAME "MTcoin Core"
| #define PACKAGE_TARNAME "mtcoin"
| #define PACKAGE_VERSION "0.9.5"
| #define PACKAGE_STRING "MTcoin Core 0.9.5"
| #define PACKAGE_BUGREPORT "info@mtcoin.org"
| #define PACKAGE_URL ""
| /* end confdefs.h.  */
| #include <ac_nonexistent.h>
configure:5143: result: gcc -E
configure:5163: gcc -E  conftest.c
configure:5163: $? = 0
configure:5177: gcc -E  conftest.c
conftest.c:9:10: fatal error: 'ac_nonexistent.h' file not found
#include <ac_nonexistent.h>
         ^
1 error generated.
configure:5177: $? = 1
configure: failed program was:
| /* confdefs.h */
| #define PACKAGE_NAME "MTcoin Core"
| #define PACKAGE_TARNAME "mtcoin"
| #define PACKAGE_VERSION "0.9.5"
| #define PACKAGE_STRING "MTcoin Core 0.9.5"
| #define PACKAGE_BUGREPORT "info@mtcoin.org"
| #define PACKAGE_URL ""
| /* end confdefs.h.  */
| #include <ac_nonexistent.h>
configure:5210: checking how to run the C++ preprocessor
configure:5237: g++ -E  conftest.cpp
configure:5237: $? = 0
configure:5251: g++ -E  conftest.cpp
conftest.cpp:9:10: fatal error: 'ac_nonexistent.h' file not found
#include <ac_nonexistent.h>
         ^
1 error generated.
configure:5251: $? = 1
configure: failed program was:
| /* confdefs.h */
| #define PACKAGE_NAME "MTcoin Core"
| #define PACKAGE_TARNAME "mtcoin"
| #define PACKAGE_VERSION "0.9.5"
| #define PACKAGE_STRING "MTcoin Core 0.9.5"
| #define PACKAGE_BUGREPORT "info@mtcoin.org"
| #define PACKAGE_URL ""
| /* end confdefs.h.  */
| #include <ac_nonexistent.h>
configure:5276: result: g++ -E
configure:5296: g++ -E  conftest.cpp
configure:5296: $? = 0
configure:5310: g++ -E  conftest.cpp
conftest.cpp:9:10: fatal error: 'ac_nonexistent.h' file not found
#include <ac_nonexistent.h>
         ^
1 error generated.
configure:5310: $? = 1
configure: failed program was:
| /* confdefs.h */
| #define PACKAGE_NAME "MTcoin Core"
| #define PACKAGE_TARNAME "mtcoin"
| #define PACKAGE_VERSION "0.9.5"
| #define PACKAGE_STRING "MTcoin Core 0.9.5"
| #define PACKAGE_BUGREPORT "info@mtcoin.org"
| #define PACKAGE_URL ""
| /* end confdefs.h.  */
| #include <ac_nonexistent.h>
configure:5393: checking for gcc
configure:5409: found /usr/bin/gcc
configure:5420: result: gcc
configure:5445: checking for Objective C compiler version
configure:5454: gcc --version >&5
Apple LLVM version 7.3.0 (clang-703.0.31)
Target: x86_64-apple-darwin15.0.0
Thread model: posix
InstalledDir: /Applications/Xcode.app/Contents/Developer/Toolchains/XcodeDefault.xctoolchain/usr/bin
Configured with: --prefix=/Applications/Xcode.app/Contents/Developer/usr --with-gxx-include-dir=/usr/include/c++/4.2.1
configure:5465: $? = 0
configure:5454: gcc -v >&5
Configured with: --prefix=/Applications/Xcode.app/Contents/Developer/usr --with-gxx-include-dir=/usr/include/c++/4.2.1
Apple LLVM version 7.3.0 (clang-703.0.31)
Target: x86_64-apple-darwin15.0.0
Thread model: posix
InstalledDir: /Applications/Xcode.app/Contents/Developer/Toolchains/XcodeDefault.xctoolchain/usr/bin
configure:5465: $? = 0
configure:5454: gcc -V >&5
clang: error: argument to '-V' is missing (expected 1 value)
clang: error: no input files
configure:5465: $? = 1
configure:5454: gcc -qversion >&5
clang: error: unknown argument: '-qversion'
clang: error: no input files
configure:5465: $? = 1
configure:5469: checking whether we are using the GNU Objective C compiler
configure:5488: gcc -c   conftest.m >&5
configure:5488: $? = 0
configure:5497: result: yes
configure:5506: checking whether gcc accepts -g
configure:5526: gcc -c -g  conftest.m >&5
configure:5526: $? = 0
configure:5567: result: yes
configure:5592: checking dependency style of gcc
configure:5701: result: gcc3
configure:5716: checking whether ln -s works
configure:5720: result: yes
configure:5781: checking for g++
configure:5797: found /usr/bin/g++
configure:5808: result: g++
configure:5833: checking for Objective C++ compiler version
configure:5842: g++ --version >&5
Apple LLVM version 7.3.0 (clang-703.0.31)
Target: x86_64-apple-darwin15.0.0
Thread model: posix
InstalledDir: /Applications/Xcode.app/Contents/Developer/Toolchains/XcodeDefault.xctoolchain/usr/bin
Configured with: --prefix=/Applications/Xcode.app/Contents/Developer/usr --with-gxx-include-dir=/usr/include/c++/4.2.1
configure:5853: $? = 0
configure:5842: g++ -v >&5
Configured with: --prefix=/Applications/Xcode.app/Contents/Developer/usr --with-gxx-include-dir=/usr/include/c++/4.2.1
Apple LLVM version 7.3.0 (clang-703.0.31)
Target: x86_64-apple-darwin15.0.0
Thread model: posix
InstalledDir: /Applications/Xcode.app/Contents/Developer/Toolchains/XcodeDefault.xctoolchain/usr/bin
configure:5853: $? = 0
configure:5842: g++ -V >&5
clang: error: argument to '-V' is missing (expected 1 value)
clang: error: no input files
configure:5853: $? = 1
configure:5842: g++ -qversion >&5
clang: error: unknown argument: '-qversion'
clang: error: no input files
configure:5853: $? = 1
configure:5857: checking whether we are using the GNU Objective C++ compiler
configure:5876: g++ -c   conftest.mm >&5
configure:5876: $? = 0
configure:5885: result: yes
configure:5894: checking whether g++ accepts -g
configure:5914: g++ -c -g  conftest.mm >&5
configure:5914: $? = 0
configure:5955: result: yes
configure:5980: checking dependency style of g++
configure:6089: result: gcc3
configure:6105: checking for a sed that does not truncate output
configure:6169: result: /opt/local/bin/gsed
configure:6220: checking for ar
configure:6238: found /usr/bin/ar
configure:6250: result: /usr/bin/ar
configure:6318: checking for ranlib
configure:6336: found /usr/bin/ranlib
configure:6348: result: /usr/bin/ranlib
configure:6416: checking for strip
configure:6434: found /usr/bin/strip
configure:6446: result: /usr/bin/strip
configure:6514: checking for gcov
configure:6532: found /usr/bin/gcov
configure:6544: result: /usr/bin/gcov
configure:6568: checking for lcov
configure:6601: result: no
configure:6608: checking for java
configure:6626: found /usr/bin/java
configure:6638: result: /usr/bin/java
configure:6648: checking for genhtml
configure:6681: result: no
configure:6688: checking for git
configure:6706: found /usr/bin/git
configure:6718: result: /usr/bin/git
configure:6728: checking for ccache
configure:6761: result: no
configure:6768: checking for xgettext
configure:6786: found /opt/local/bin/xgettext
configure:6798: result: /opt/local/bin/xgettext
configure:6808: checking for hexdump
configure:6826: found /usr/bin/hexdump
configure:6838: result: /usr/bin/hexdump
configure:6900: checking for pkg-config
configure:6918: found /opt/local/bin/pkg-config
configure:6930: result: /opt/local/bin/pkg-config
configure:6955: checking pkg-config is at least version 0.9.0
configure:6958: result: yes
configure:8066: checking for port
configure:8082: found /opt/local/bin/port
configure:8093: result: port
configure:8108: checking for brew
configure:8124: found /usr/local/bin/brew
configure:8135: result: brew
configure:8488: checking for grep that handles long lines and -e
configure:8546: result: /usr/bin/grep
configure:8551: checking for egrep
configure:8613: result: /usr/bin/grep -E
configure:8618: checking for ANSI C header files
configure:8638: g++ -c -g -O2 -Wall -Wextra -Wformat -Wformat-security -Wno-unused-parameter  -DBOOST_SPIRIT_THREADSAFE -DHAVE_BUILD_INFO -D__STDC_FORMAT_MACROS -isystem /opt/local/include -I/opt/local/include/db48 -I/usr/local/opt/berkeley-db@4/include -DMAC_OSX conftest.cpp >&5
configure:8638: $? = 0
configure:8711: g++ -o conftest -g -O2 -Wall -Wextra -Wformat -Wformat-security -Wno-unused-parameter  -DBOOST_SPIRIT_THREADSAFE -DHAVE_BUILD_INFO -D__STDC_FORMAT_MACROS -isystem /opt/local/include -I/opt/local/include/db48 -I/usr/local/opt/berkeley-db@4/include -DMAC_OSX  conftest.cpp  -L/opt/local/lib -L/opt/local/lib/db48 -L/usr/local/opt/berkeley-db@4/lib >&5
ld: warning: directory not found for option '-L/opt/local/lib/db48'
configure:8711: $? = 0
configure:8711: ./conftest
configure:8711: $? = 0
configure:8722: result: yes
configure:8735: checking for sys/types.h
configure:8735: g++ -c -g -O2 -Wall -Wextra -Wformat -Wformat-security -Wno-unused-parameter  -DBOOST_SPIRIT_THREADSAFE -DHAVE_BUILD_INFO -D__STDC_FORMAT_MACROS -isystem /opt/local/include -I/opt/local/include/db48 -I/usr/local/opt/berkeley-db@4/include -DMAC_OSX conftest.cpp >&5
configure:8735: $? = 0
configure:8735: result: yes
configure:8735: checking for sys/stat.h
configure:8735: g++ -c -g -O2 -Wall -Wextra -Wformat -Wformat-security -Wno-unused-parameter  -DBOOST_SPIRIT_THREADSAFE -DHAVE_BUILD_INFO -D__STDC_FORMAT_MACROS -isystem /opt/local/include -I/opt/local/include/db48 -I/usr/local/opt/berkeley-db@4/include -DMAC_OSX conftest.cpp >&5
configure:8735: $? = 0
configure:8735: result: yes
configure:8735: checking for stdlib.h
configure:8735: g++ -c -g -O2 -Wall -Wextra -Wformat -Wformat-security -Wno-unused-parameter  -DBOOST_SPIRIT_THREADSAFE -DHAVE_BUILD_INFO -D__STDC_FORMAT_MACROS -isystem /opt/local/include -I/opt/local/include/db48 -I/usr/local/opt/berkeley-db@4/include -DMAC_OSX conftest.cpp >&5
configure:8735: $? = 0
configure:8735: result: yes
configure:8735: checking for string.h
configure:8735: g++ -c -g -O2 -Wall -Wextra -Wformat -Wformat-security -Wno-unused-parameter  -DBOOST_SPIRIT_THREADSAFE -DHAVE_BUILD_INFO -D__STDC_FORMAT_MACROS -isystem /opt/local/include -I/opt/local/include/db48 -I/usr/local/opt/berkeley-db@4/include -DMAC_OSX conftest.cpp >&5
configure:8735: $? = 0
configure:8735: result: yes
configure:8735: checking for memory.h
configure:8735: g++ -c -g -O2 -Wall -Wextra -Wformat -Wformat-security -Wno-unused-parameter  -DBOOST_SPIRIT_THREADSAFE -DHAVE_BUILD_INFO -D__STDC_FORMAT_MACROS -isystem /opt/local/include -I/opt/local/include/db48 -I/usr/local/opt/berkeley-db@4/include -DMAC_OSX conftest.cpp >&5
configure:8735: $? = 0
configure:8735: result: yes
configure:8735: checking for strings.h
configure:8735: g++ -c -g -O2 -Wall -Wextra -Wformat -Wformat-security -Wno-unused-parameter  -DBOOST_SPIRIT_THREADSAFE -DHAVE_BUILD_INFO -D__STDC_FORMAT_MACROS -isystem /opt/local/include -I/opt/local/include/db48 -I/usr/local/opt/berkeley-db@4/include -DMAC_OSX conftest.cpp >&5
configure:8735: $? = 0
configure:8735: result: yes
configure:8735: checking for inttypes.h
configure:8735: g++ -c -g -O2 -Wall -Wextra -Wformat -Wformat-security -Wno-unused-parameter  -DBOOST_SPIRIT_THREADSAFE -DHAVE_BUILD_INFO -D__STDC_FORMAT_MACROS -isystem /opt/local/include -I/opt/local/include/db48 -I/usr/local/opt/berkeley-db@4/include -DMAC_OSX conftest.cpp >&5
configure:8735: $? = 0
configure:8735: result: yes
configure:8735: checking for stdint.h
configure:8735: g++ -c -g -O2 -Wall -Wextra -Wformat -Wformat-security -Wno-unused-parameter  -DBOOST_SPIRIT_THREADSAFE -DHAVE_BUILD_INFO -D__STDC_FORMAT_MACROS -isystem /opt/local/include -I/opt/local/include/db48 -I/usr/local/opt/berkeley-db@4/include -DMAC_OSX conftest.cpp >&5
configure:8735: $? = 0
configure:8735: result: yes
configure:8735: checking for unistd.h
configure:8735: g++ -c -g -O2 -Wall -Wextra -Wformat -Wformat-security -Wno-unused-parameter  -DBOOST_SPIRIT_THREADSAFE -DHAVE_BUILD_INFO -D__STDC_FORMAT_MACROS -isystem /opt/local/include -I/opt/local/include/db48 -I/usr/local/opt/berkeley-db@4/include -DMAC_OSX conftest.cpp >&5
configure:8735: $? = 0
configure:8735: result: yes
configure:8747: checking whether byte ordering is bigendian
configure:8762: g++ -c -g -O2 -Wall -Wextra -Wformat -Wformat-security -Wno-unused-parameter  -DBOOST_SPIRIT_THREADSAFE -DHAVE_BUILD_INFO -D__STDC_FORMAT_MACROS -isystem /opt/local/include -I/opt/local/include/db48 -I/usr/local/opt/berkeley-db@4/include -DMAC_OSX conftest.cpp >&5
configure:8762: $? = 0
configure:8807: g++ -c -g -O2 -Wall -Wextra -Wformat -Wformat-security -Wno-unused-parameter  -DBOOST_SPIRIT_THREADSAFE -DHAVE_BUILD_INFO -D__STDC_FORMAT_MACROS -isystem /opt/local/include -I/opt/local/include/db48 -I/usr/local/opt/berkeley-db@4/include -DMAC_OSX conftest.cpp >&5
configure:8807: $? = 0
configure:8825: g++ -c -g -O2 -Wall -Wextra -Wformat -Wformat-security -Wno-unused-parameter  -DBOOST_SPIRIT_THREADSAFE -DHAVE_BUILD_INFO -D__STDC_FORMAT_MACROS -isystem /opt/local/include -I/opt/local/include/db48 -I/usr/local/opt/berkeley-db@4/include -DMAC_OSX conftest.cpp >&5
conftest.cpp:26:11: error: expected ';' after expression
                 not big endian
                        ^
                        ;
conftest.cpp:26:8: error: use of undeclared identifier 'big'
                 not big endian
                     ^
conftest.cpp:26:12: error: use of undeclared identifier 'endian'
                 not big endian
                         ^
3 errors generated.
configure:8825: $? = 1
configure: failed program was:
| /* confdefs.h */
| #define PACKAGE_NAME "MTcoin Core"
| #define PACKAGE_TARNAME "mtcoin"
| #define PACKAGE_VERSION "0.9.5"
| #define PACKAGE_STRING "MTcoin Core 0.9.5"
| #define PACKAGE_BUGREPORT "info@mtcoin.org"
| #define PACKAGE_URL ""
| #define STDC_HEADERS 1
| #define HAVE_SYS_TYPES_H 1
| #define HAVE_SYS_STAT_H 1
| #define HAVE_STDLIB_H 1
| #define HAVE_STRING_H 1
| #define HAVE_MEMORY_H 1
| #define HAVE_STRINGS_H 1
| #define HAVE_INTTYPES_H 1
| #define HAVE_STDINT_H 1
| #define HAVE_UNISTD_H 1
| /* end confdefs.h.  */
| #include <sys/types.h>
| 		#include <sys/param.h>
| 
| int
| main ()
| {
| #if BYTE_ORDER != BIG_ENDIAN
| 		 not big endian
| 		#endif
| 
|   ;
|   return 0;
| }
configure:8953: result: no
configure:9084: checking if compiler needs -Werror to reject unknown flags
configure:9100: gcc -c -g -O2 -Werror -Wunknown-warning-option -Wsizeof-array-argument  -DBOOST_SPIRIT_THREADSAFE -DHAVE_BUILD_INFO -D__STDC_FORMAT_MACROS -isystem /opt/local/include -I/opt/local/include/db48 -I/usr/local/opt/berkeley-db@4/include -DMAC_OSX conftest.c >&5
configure:9100: $? = 0
configure:9101: result: yes
configure:9121: checking whether pthreads work with -pthread
configure:9209: gcc -o conftest -g -O2 -pthread -Werror  -DBOOST_SPIRIT_THREADSAFE -DHAVE_BUILD_INFO -D__STDC_FORMAT_MACROS -isystem /opt/local/include -I/opt/local/include/db48 -I/usr/local/opt/berkeley-db@4/include -DMAC_OSX  conftest.c   -L/opt/local/lib -L/opt/local/lib/db48 -L/usr/local/opt/berkeley-db@4/lib >&5
ld: warning: directory not found for option '-L/opt/local/lib/db48'
configure:9209: $? = 0
configure:9218: result: yes
configure:9237: checking for joinable pthread attribute
configure:9252: gcc -o conftest -g -O2 -pthread  -DBOOST_SPIRIT_THREADSAFE -DHAVE_BUILD_INFO -D__STDC_FORMAT_MACROS -isystem /opt/local/include -I/opt/local/include/db48 -I/usr/local/opt/berkeley-db@4/include -DMAC_OSX  conftest.c   -L/opt/local/lib -L/opt/local/lib/db48 -L/usr/local/opt/berkeley-db@4/lib >&5
ld: warning: directory not found for option '-L/opt/local/lib/db48'
configure:9252: $? = 0
configure:9258: result: PTHREAD_CREATE_JOINABLE
configure:9268: checking if more special flags are required for pthreads
configure:9283: result: -D_THREAD_SAFE
configure:9289: checking for PTHREAD_PRIO_INHERIT
configure:9306: gcc -o conftest -g -O2 -pthread  -DBOOST_SPIRIT_THREADSAFE -DHAVE_BUILD_INFO -D__STDC_FORMAT_MACROS -isystem /opt/local/include -I/opt/local/include/db48 -I/usr/local/opt/berkeley-db@4/include -DMAC_OSX  conftest.c   -L/opt/local/lib -L/opt/local/lib/db48 -L/usr/local/opt/berkeley-db@4/lib >&5
ld: warning: directory not found for option '-L/opt/local/lib/db48'
configure:9306: $? = 0
configure:9315: result: yes
configure:9426: checking for special C compiler options needed for large files
configure:9471: result: no
configure:9477: checking for _FILE_OFFSET_BITS value needed for large files
configure:9502: g++ -c -g -O2 -Wall -Wextra -Wformat -Wformat-security -Wno-unused-parameter  -DBOOST_SPIRIT_THREADSAFE -DHAVE_BUILD_INFO -D__STDC_FORMAT_MACROS -isystem /opt/local/include -I/opt/local/include/db48 -I/usr/local/opt/berkeley-db@4/include -DMAC_OSX conftest.cpp >&5
configure:9502: $? = 0
configure:9534: result: no
configure:9620: checking whether strerror_r is declared
configure:9620: g++ -c -g -O2 -Wall -Wextra -Wformat -Wformat-security -Wno-unused-parameter  -DBOOST_SPIRIT_THREADSAFE -DHAVE_BUILD_INFO -D__STDC_FORMAT_MACROS -isystem /opt/local/include -I/opt/local/include/db48 -I/usr/local/opt/berkeley-db@4/include -DMAC_OSX conftest.cpp >&5
configure:9620: $? = 0
configure:9620: result: yes
configure:9633: checking for strerror_r
configure:9633: g++ -o conftest -g -O2 -Wall -Wextra -Wformat -Wformat-security -Wno-unused-parameter  -DBOOST_SPIRIT_THREADSAFE -DHAVE_BUILD_INFO -D__STDC_FORMAT_MACROS -isystem /opt/local/include -I/opt/local/include/db48 -I/usr/local/opt/berkeley-db@4/include -DMAC_OSX  conftest.cpp  -L/opt/local/lib -L/opt/local/lib/db48 -L/usr/local/opt/berkeley-db@4/lib >&5
ld: warning: directory not found for option '-L/opt/local/lib/db48'
configure:9633: $? = 0
configure:9633: result: yes
configure:9642: checking whether strerror_r returns char *
configure:9666: g++ -c -g -O2 -Wall -Wextra -Wformat -Wformat-security -Wno-unused-parameter  -DBOOST_SPIRIT_THREADSAFE -DHAVE_BUILD_INFO -D__STDC_FORMAT_MACROS -isystem /opt/local/include -I/opt/local/include/db48 -I/usr/local/opt/berkeley-db@4/include -DMAC_OSX conftest.cpp >&5
conftest.cpp:61:13: error: indirection requires pointer operand ('int' invalid)
          char x = *strerror_r (0, buf, sizeof buf);
                   ^~~~~~~~~~~~~~~~~~~~~~~~~~~~~~~~
conftest.cpp:62:10: error: cannot initialize a variable of type 'char *' with an rvalue of type 'int'
          char *p = strerror_r (0, buf, sizeof buf);
                ^   ~~~~~~~~~~~~~~~~~~~~~~~~~~~~~~~
2 errors generated.
configure:9666: $? = 1
configure: failed program was:
| /* confdefs.h */
| #define PACKAGE_NAME "MTcoin Core"
| #define PACKAGE_TARNAME "mtcoin"
| #define PACKAGE_VERSION "0.9.5"
| #define PACKAGE_STRING "MTcoin Core 0.9.5"
| #define PACKAGE_BUGREPORT "info@mtcoin.org"
| #define PACKAGE_URL ""
| #define STDC_HEADERS 1
| #define HAVE_SYS_TYPES_H 1
| #define HAVE_SYS_STAT_H 1
| #define HAVE_STDLIB_H 1
| #define HAVE_STRING_H 1
| #define HAVE_MEMORY_H 1
| #define HAVE_STRINGS_H 1
| #define HAVE_INTTYPES_H 1
| #define HAVE_STDINT_H 1
| #define HAVE_UNISTD_H 1
| #define HAVE_PTHREAD_PRIO_INHERIT 1
| #define HAVE_PTHREAD 1
| #define HAVE_DECL_STRERROR_R 1
| #define HAVE_STRERROR_R 1
| /* end confdefs.h.  */
| #include <stdio.h>
| #ifdef HAVE_SYS_TYPES_H
| # include <sys/types.h>
| #endif
| #ifdef HAVE_SYS_STAT_H
| # include <sys/stat.h>
| #endif
| #ifdef STDC_HEADERS
| # include <stdlib.h>
| # include <stddef.h>
| #else
| # ifdef HAVE_STDLIB_H
| #  include <stdlib.h>
| # endif
| #endif
| #ifdef HAVE_STRING_H
| # if !defined STDC_HEADERS && defined HAVE_MEMORY_H
| #  include <memory.h>
| # endif
| # include <string.h>
| #endif
| #ifdef HAVE_STRINGS_H
| # include <strings.h>
| #endif
| #ifdef HAVE_INTTYPES_H
| # include <inttypes.h>
| #endif
| #ifdef HAVE_STDINT_H
| # include <stdint.h>
| #endif
| #ifdef HAVE_UNISTD_H
| # include <unistd.h>
| #endif
| int
| main ()
| {
| 
| 	  char buf[100];
| 	  char x = *strerror_r (0, buf, sizeof buf);
| 	  char *p = strerror_r (0, buf, sizeof buf);
| 	  return !p || x;
| 
|   ;
|   return 0;
| }
configure:9704: result: no
configure:9725: checking whether the linker accepts -Wl,--large-address-aware
configure:9744: g++ -o conftest -g -O2 -Wall -Wextra -Wformat -Wformat-security -Wno-unused-parameter  -DBOOST_SPIRIT_THREADSAFE -DHAVE_BUILD_INFO -D__STDC_FORMAT_MACROS -isystem /opt/local/include -I/opt/local/include/db48 -I/usr/local/opt/berkeley-db@4/include -DMAC_OSX   -Wl,--large-address-aware conftest.cpp  -L/opt/local/lib -L/opt/local/lib/db48 -L/usr/local/opt/berkeley-db@4/lib >&5
ld: warning: directory not found for option '-L/opt/local/lib/db48'
ld: unknown option: --large-address-aware
clang: error: linker command failed with exit code 1 (use -v to see invocation)
configure:9744: $? = 1
configure: failed program was:
| /* confdefs.h */
| #define PACKAGE_NAME "MTcoin Core"
| #define PACKAGE_TARNAME "mtcoin"
| #define PACKAGE_VERSION "0.9.5"
| #define PACKAGE_STRING "MTcoin Core 0.9.5"
| #define PACKAGE_BUGREPORT "info@mtcoin.org"
| #define PACKAGE_URL ""
| #define STDC_HEADERS 1
| #define HAVE_SYS_TYPES_H 1
| #define HAVE_SYS_STAT_H 1
| #define HAVE_STDLIB_H 1
| #define HAVE_STRING_H 1
| #define HAVE_MEMORY_H 1
| #define HAVE_STRINGS_H 1
| #define HAVE_INTTYPES_H 1
| #define HAVE_STDINT_H 1
| #define HAVE_UNISTD_H 1
| #define HAVE_PTHREAD_PRIO_INHERIT 1
| #define HAVE_PTHREAD 1
| #define HAVE_DECL_STRERROR_R 1
| #define HAVE_STRERROR_R 1
| /* end confdefs.h.  */
| 
| int
| main ()
| {
| 
|   ;
|   return 0;
| }
configure:9753: result: no
configure:9801: checking whether C++ compiler accepts -Wstack-protector
configure:9820: g++ -c -g -O2 -Wall -Wextra -Wformat -Wformat-security -Wno-unused-parameter  -Wstack-protector  -DBOOST_SPIRIT_THREADSAFE -DHAVE_BUILD_INFO -D__STDC_FORMAT_MACROS -isystem /opt/local/include -I/opt/local/include/db48 -I/usr/local/opt/berkeley-db@4/include -DMAC_OSX conftest.cpp >&5
configure:9820: $? = 0
configure:9828: result: yes
configure:9836: checking whether C++ compiler accepts -fstack-protector-all
configure:9855: g++ -c -g -O2 -Wall -Wextra -Wformat -Wformat-security -Wno-unused-parameter  -fstack-protector-all  -DBOOST_SPIRIT_THREADSAFE -DHAVE_BUILD_INFO -D__STDC_FORMAT_MACROS -isystem /opt/local/include -I/opt/local/include/db48 -I/usr/local/opt/berkeley-db@4/include -DMAC_OSX conftest.cpp >&5
configure:9855: $? = 0
configure:9863: result: yes
configure:9871: checking whether C++ compiler accepts -fPIE
configure:9890: g++ -c -g -O2 -Wall -Wextra -Wformat -Wformat-security -Wno-unused-parameter  -fPIE  -DBOOST_SPIRIT_THREADSAFE -DHAVE_BUILD_INFO -D__STDC_FORMAT_MACROS -isystem /opt/local/include -I/opt/local/include/db48 -I/usr/local/opt/berkeley-db@4/include -DMAC_OSX conftest.cpp >&5
configure:9890: $? = 0
configure:9898: result: yes
configure:9907: checking whether C++ preprocessor accepts -D_FORTIFY_SOURCE=2
configure:9926: g++ -E  -DBOOST_SPIRIT_THREADSAFE -DHAVE_BUILD_INFO -D__STDC_FORMAT_MACROS -isystem /opt/local/include -I/opt/local/include/db48 -I/usr/local/opt/berkeley-db@4/include -DMAC_OSX  -D_FORTIFY_SOURCE=2 conftest.cpp
configure:9926: $? = 0
configure:9934: result: yes
configure:9938: checking whether C++ preprocessor accepts -U_FORTIFY_SOURCE
configure:9957: g++ -E  -DBOOST_SPIRIT_THREADSAFE -DHAVE_BUILD_INFO -D__STDC_FORMAT_MACROS -isystem /opt/local/include -I/opt/local/include/db48 -I/usr/local/opt/berkeley-db@4/include -DMAC_OSX  -U_FORTIFY_SOURCE conftest.cpp
configure:9957: $? = 0
configure:9965: result: yes
configure:9982: checking whether the linker accepts -Wl,--dynamicbase
configure:10001: g++ -o conftest -g -O2 -Wall -Wextra -Wformat -Wformat-security -Wno-unused-parameter  -DBOOST_SPIRIT_THREADSAFE -DHAVE_BUILD_INFO -D__STDC_FORMAT_MACROS -isystem /opt/local/include -I/opt/local/include/db48 -I/usr/local/opt/berkeley-db@4/include -DMAC_OSX   -Wl,--dynamicbase conftest.cpp  -L/opt/local/lib -L/opt/local/lib/db48 -L/usr/local/opt/berkeley-db@4/lib >&5
ld: warning: directory not found for option '-L/opt/local/lib/db48'
ld: unknown option: --dynamicbase
clang: error: linker command failed with exit code 1 (use -v to see invocation)
configure:10001: $? = 1
configure: failed program was:
| /* confdefs.h */
| #define PACKAGE_NAME "MTcoin Core"
| #define PACKAGE_TARNAME "mtcoin"
| #define PACKAGE_VERSION "0.9.5"
| #define PACKAGE_STRING "MTcoin Core 0.9.5"
| #define PACKAGE_BUGREPORT "info@mtcoin.org"
| #define PACKAGE_URL ""
| #define STDC_HEADERS 1
| #define HAVE_SYS_TYPES_H 1
| #define HAVE_SYS_STAT_H 1
| #define HAVE_STDLIB_H 1
| #define HAVE_STRING_H 1
| #define HAVE_MEMORY_H 1
| #define HAVE_STRINGS_H 1
| #define HAVE_INTTYPES_H 1
| #define HAVE_STDINT_H 1
| #define HAVE_UNISTD_H 1
| #define HAVE_PTHREAD_PRIO_INHERIT 1
| #define HAVE_PTHREAD 1
| #define HAVE_DECL_STRERROR_R 1
| #define HAVE_STRERROR_R 1
| /* end confdefs.h.  */
| 
| int
| main ()
| {
| 
|   ;
|   return 0;
| }
configure:10010: result: no
configure:10018: checking whether the linker accepts -Wl,--nxcompat
configure:10037: g++ -o conftest -g -O2 -Wall -Wextra -Wformat -Wformat-security -Wno-unused-parameter  -DBOOST_SPIRIT_THREADSAFE -DHAVE_BUILD_INFO -D__STDC_FORMAT_MACROS -isystem /opt/local/include -I/opt/local/include/db48 -I/usr/local/opt/berkeley-db@4/include -DMAC_OSX   -Wl,--nxcompat conftest.cpp  -L/opt/local/lib -L/opt/local/lib/db48 -L/usr/local/opt/berkeley-db@4/lib >&5
ld: warning: directory not found for option '-L/opt/local/lib/db48'
ld: unknown option: --nxcompat
clang: error: linker command failed with exit code 1 (use -v to see invocation)
configure:10037: $? = 1
configure: failed program was:
| /* confdefs.h */
| #define PACKAGE_NAME "MTcoin Core"
| #define PACKAGE_TARNAME "mtcoin"
| #define PACKAGE_VERSION "0.9.5"
| #define PACKAGE_STRING "MTcoin Core 0.9.5"
| #define PACKAGE_BUGREPORT "info@mtcoin.org"
| #define PACKAGE_URL ""
| #define STDC_HEADERS 1
| #define HAVE_SYS_TYPES_H 1
| #define HAVE_SYS_STAT_H 1
| #define HAVE_STDLIB_H 1
| #define HAVE_STRING_H 1
| #define HAVE_MEMORY_H 1
| #define HAVE_STRINGS_H 1
| #define HAVE_INTTYPES_H 1
| #define HAVE_STDINT_H 1
| #define HAVE_UNISTD_H 1
| #define HAVE_PTHREAD_PRIO_INHERIT 1
| #define HAVE_PTHREAD 1
| #define HAVE_DECL_STRERROR_R 1
| #define HAVE_STRERROR_R 1
| /* end confdefs.h.  */
| 
| int
| main ()
| {
| 
|   ;
|   return 0;
| }
configure:10046: result: no
configure:10054: checking whether the linker accepts -Wl,-z,relro
configure:10073: g++ -o conftest -g -O2 -Wall -Wextra -Wformat -Wformat-security -Wno-unused-parameter  -DBOOST_SPIRIT_THREADSAFE -DHAVE_BUILD_INFO -D__STDC_FORMAT_MACROS -isystem /opt/local/include -I/opt/local/include/db48 -I/usr/local/opt/berkeley-db@4/include -DMAC_OSX   -Wl,-z,relro conftest.cpp  -L/opt/local/lib -L/opt/local/lib/db48 -L/usr/local/opt/berkeley-db@4/lib >&5
ld: warning: directory not found for option '-L/opt/local/lib/db48'
ld: unknown option: -z
clang: error: linker command failed with exit code 1 (use -v to see invocation)
configure:10073: $? = 1
configure: failed program was:
| /* confdefs.h */
| #define PACKAGE_NAME "MTcoin Core"
| #define PACKAGE_TARNAME "mtcoin"
| #define PACKAGE_VERSION "0.9.5"
| #define PACKAGE_STRING "MTcoin Core 0.9.5"
| #define PACKAGE_BUGREPORT "info@mtcoin.org"
| #define PACKAGE_URL ""
| #define STDC_HEADERS 1
| #define HAVE_SYS_TYPES_H 1
| #define HAVE_SYS_STAT_H 1
| #define HAVE_STDLIB_H 1
| #define HAVE_STRING_H 1
| #define HAVE_MEMORY_H 1
| #define HAVE_STRINGS_H 1
| #define HAVE_INTTYPES_H 1
| #define HAVE_STDINT_H 1
| #define HAVE_UNISTD_H 1
| #define HAVE_PTHREAD_PRIO_INHERIT 1
| #define HAVE_PTHREAD 1
| #define HAVE_DECL_STRERROR_R 1
| #define HAVE_STRERROR_R 1
| /* end confdefs.h.  */
| 
| int
| main ()
| {
| 
|   ;
|   return 0;
| }
configure:10082: result: no
configure:10090: checking whether the linker accepts -Wl,-z,now
configure:10109: g++ -o conftest -g -O2 -Wall -Wextra -Wformat -Wformat-security -Wno-unused-parameter  -DBOOST_SPIRIT_THREADSAFE -DHAVE_BUILD_INFO -D__STDC_FORMAT_MACROS -isystem /opt/local/include -I/opt/local/include/db48 -I/usr/local/opt/berkeley-db@4/include -DMAC_OSX   -Wl,-z,now conftest.cpp  -L/opt/local/lib -L/opt/local/lib/db48 -L/usr/local/opt/berkeley-db@4/lib >&5
ld: warning: directory not found for option '-L/opt/local/lib/db48'
ld: unknown option: -z
clang: error: linker command failed with exit code 1 (use -v to see invocation)
configure:10109: $? = 1
configure: failed program was:
| /* confdefs.h */
| #define PACKAGE_NAME "MTcoin Core"
| #define PACKAGE_TARNAME "mtcoin"
| #define PACKAGE_VERSION "0.9.5"
| #define PACKAGE_STRING "MTcoin Core 0.9.5"
| #define PACKAGE_BUGREPORT "info@mtcoin.org"
| #define PACKAGE_URL ""
| #define STDC_HEADERS 1
| #define HAVE_SYS_TYPES_H 1
| #define HAVE_SYS_STAT_H 1
| #define HAVE_STDLIB_H 1
| #define HAVE_STRING_H 1
| #define HAVE_MEMORY_H 1
| #define HAVE_STRINGS_H 1
| #define HAVE_INTTYPES_H 1
| #define HAVE_STDINT_H 1
| #define HAVE_UNISTD_H 1
| #define HAVE_PTHREAD_PRIO_INHERIT 1
| #define HAVE_PTHREAD 1
| #define HAVE_DECL_STRERROR_R 1
| #define HAVE_STRERROR_R 1
| /* end confdefs.h.  */
| 
| int
| main ()
| {
| 
|   ;
|   return 0;
| }
configure:10118: result: no
configure:10129: checking whether the linker accepts -pie
configure:10148: g++ -o conftest -g -O2 -Wall -Wextra -Wformat -Wformat-security -Wno-unused-parameter  -DBOOST_SPIRIT_THREADSAFE -DHAVE_BUILD_INFO -D__STDC_FORMAT_MACROS -isystem /opt/local/include -I/opt/local/include/db48 -I/usr/local/opt/berkeley-db@4/include -DMAC_OSX   -pie conftest.cpp  -L/opt/local/lib -L/opt/local/lib/db48 -L/usr/local/opt/berkeley-db@4/lib >&5
clang: warning: argument unused during compilation: '-pie'
ld: warning: directory not found for option '-L/opt/local/lib/db48'
configure:10148: $? = 0
configure:10157: result: yes
configure:10174: checking whether the linker accepts -Wl,-dead_strip
configure:10193: g++ -o conftest -g -O2 -Wall -Wextra -Wformat -Wformat-security -Wno-unused-parameter  -Wstack-protector -fstack-protector-all -fPIE  -DBOOST_SPIRIT_THREADSAFE -DHAVE_BUILD_INFO -D__STDC_FORMAT_MACROS -isystem /opt/local/include -I/opt/local/include/db48 -I/usr/local/opt/berkeley-db@4/include -DMAC_OSX  -U_FORTIFY_SOURCE -D_FORTIFY_SOURCE=2   -pie  -Wl,-dead_strip conftest.cpp  -L/opt/local/lib -L/opt/local/lib/db48 -L/usr/local/opt/berkeley-db@4/lib >&5
clang: warning: argument unused during compilation: '-pie'
ld: warning: directory not found for option '-L/opt/local/lib/db48'
configure:10193: $? = 0
configure:10202: result: yes
configure:10215: checking stdio.h usability
configure:10215: g++ -c -g -O2 -Wall -Wextra -Wformat -Wformat-security -Wno-unused-parameter  -Wstack-protector -fstack-protector-all -fPIE  -DBOOST_SPIRIT_THREADSAFE -DHAVE_BUILD_INFO -D__STDC_FORMAT_MACROS -isystem /opt/local/include -I/opt/local/include/db48 -I/usr/local/opt/berkeley-db@4/include -DMAC_OSX  -U_FORTIFY_SOURCE -D_FORTIFY_SOURCE=2 conftest.cpp >&5
configure:10215: $? = 0
configure:10215: result: yes
configure:10215: checking stdio.h presence
configure:10215: g++ -E  -DBOOST_SPIRIT_THREADSAFE -DHAVE_BUILD_INFO -D__STDC_FORMAT_MACROS -isystem /opt/local/include -I/opt/local/include/db48 -I/usr/local/opt/berkeley-db@4/include -DMAC_OSX  -U_FORTIFY_SOURCE -D_FORTIFY_SOURCE=2 conftest.cpp
configure:10215: $? = 0
configure:10215: result: yes
configure:10215: checking for stdio.h
configure:10215: result: yes
configure:10215: checking for stdlib.h
configure:10215: result: yes
configure:10215: checking for unistd.h
configure:10215: result: yes
configure:10215: checking for strings.h
configure:10215: result: yes
configure:10215: checking for sys/types.h
configure:10215: result: yes
configure:10215: checking for sys/stat.h
configure:10215: result: yes
configure:10226: checking for MSG_NOSIGNAL
configure:10239: g++ -c -g -O2 -Wall -Wextra -Wformat -Wformat-security -Wno-unused-parameter  -Wstack-protector -fstack-protector-all -fPIE  -DBOOST_SPIRIT_THREADSAFE -DHAVE_BUILD_INFO -D__STDC_FORMAT_MACROS -isystem /opt/local/include -I/opt/local/include/db48 -I/usr/local/opt/berkeley-db@4/include -DMAC_OSX  -U_FORTIFY_SOURCE -D_FORTIFY_SOURCE=2 conftest.cpp >&5
conftest.cpp:33:10: error: use of undeclared identifier 'MSG_NOSIGNAL'
 int f = MSG_NOSIGNAL;
         ^
1 error generated.
configure:10239: $? = 1
configure: failed program was:
| /* confdefs.h */
| #define PACKAGE_NAME "MTcoin Core"
| #define PACKAGE_TARNAME "mtcoin"
| #define PACKAGE_VERSION "0.9.5"
| #define PACKAGE_STRING "MTcoin Core 0.9.5"
| #define PACKAGE_BUGREPORT "info@mtcoin.org"
| #define PACKAGE_URL ""
| #define STDC_HEADERS 1
| #define HAVE_SYS_TYPES_H 1
| #define HAVE_SYS_STAT_H 1
| #define HAVE_STDLIB_H 1
| #define HAVE_STRING_H 1
| #define HAVE_MEMORY_H 1
| #define HAVE_STRINGS_H 1
| #define HAVE_INTTYPES_H 1
| #define HAVE_STDINT_H 1
| #define HAVE_UNISTD_H 1
| #define HAVE_PTHREAD_PRIO_INHERIT 1
| #define HAVE_PTHREAD 1
| #define HAVE_DECL_STRERROR_R 1
| #define HAVE_STRERROR_R 1
| #define HAVE_STDIO_H 1
| #define HAVE_STDLIB_H 1
| #define HAVE_UNISTD_H 1
| #define HAVE_STRINGS_H 1
| #define HAVE_SYS_TYPES_H 1
| #define HAVE_SYS_STAT_H 1
| /* end confdefs.h.  */
| #include <sys/socket.h>
| int
| main ()
| {
|  int f = MSG_NOSIGNAL;
|   ;
|   return 0;
| }
configure:10245: result: no
configure:10268: checking for Berkeley DB C++ headers
configure:10299: g++ -c -g -O2 -Wall -Wextra -Wformat -Wformat-security -Wno-unused-parameter  -Wstack-protector -fstack-protector-all -fPIE  -DBOOST_SPIRIT_THREADSAFE -DHAVE_BUILD_INFO -D__STDC_FORMAT_MACROS -isystem /opt/local/include -I/opt/local/include/db48 -I/usr/local/opt/berkeley-db@4/include -DMAC_OSX  -U_FORTIFY_SOURCE -D_FORTIFY_SOURCE=2 conftest.cpp >&5
conftest.cpp:30:16: fatal error: 'bdb4.8/db_cxx.h' file not found
      #include <bdb4.8/db_cxx.h>
               ^
1 error generated.
configure:10299: $? = 1
configure: failed program was:
| /* confdefs.h */
| #define PACKAGE_NAME "MTcoin Core"
| #define PACKAGE_TARNAME "mtcoin"
| #define PACKAGE_VERSION "0.9.5"
| #define PACKAGE_STRING "MTcoin Core 0.9.5"
| #define PACKAGE_BUGREPORT "info@mtcoin.org"
| #define PACKAGE_URL ""
| #define STDC_HEADERS 1
| #define HAVE_SYS_TYPES_H 1
| #define HAVE_SYS_STAT_H 1
| #define HAVE_STDLIB_H 1
| #define HAVE_STRING_H 1
| #define HAVE_MEMORY_H 1
| #define HAVE_STRINGS_H 1
| #define HAVE_INTTYPES_H 1
| #define HAVE_STDINT_H 1
| #define HAVE_UNISTD_H 1
| #define HAVE_PTHREAD_PRIO_INHERIT 1
| #define HAVE_PTHREAD 1
| #define HAVE_DECL_STRERROR_R 1
| #define HAVE_STRERROR_R 1
| #define HAVE_STDIO_H 1
| #define HAVE_STDLIB_H 1
| #define HAVE_UNISTD_H 1
| #define HAVE_STRINGS_H 1
| #define HAVE_SYS_TYPES_H 1
| #define HAVE_SYS_STAT_H 1
| /* end confdefs.h.  */
| 
|       #include <bdb4.8/db_cxx.h>
| 
| int
| main ()
| {
| 
|       #if !((DB_VERSION_MAJOR == 4 && DB_VERSION_MINOR >= 8) || DB_VERSION_MAJOR > 4)
|         #error "failed to find bdb 4.8+"
|       #endif
| 
|   ;
|   return 0;
| }
configure:10299: g++ -c -g -O2 -Wall -Wextra -Wformat -Wformat-security -Wno-unused-parameter  -Wstack-protector -fstack-protector-all -fPIE  -DBOOST_SPIRIT_THREADSAFE -DHAVE_BUILD_INFO -D__STDC_FORMAT_MACROS -isystem /opt/local/include -I/opt/local/include/db48 -I/usr/local/opt/berkeley-db@4/include -DMAC_OSX  -U_FORTIFY_SOURCE -D_FORTIFY_SOURCE=2 conftest.cpp >&5
conftest.cpp:30:16: fatal error: 'libdb4.8/db_cxx.h' file not found
      #include <libdb4.8/db_cxx.h>
               ^
1 error generated.
configure:10299: $? = 1
configure: failed program was:
| /* confdefs.h */
| #define PACKAGE_NAME "MTcoin Core"
| #define PACKAGE_TARNAME "mtcoin"
| #define PACKAGE_VERSION "0.9.5"
| #define PACKAGE_STRING "MTcoin Core 0.9.5"
| #define PACKAGE_BUGREPORT "info@mtcoin.org"
| #define PACKAGE_URL ""
| #define STDC_HEADERS 1
| #define HAVE_SYS_TYPES_H 1
| #define HAVE_SYS_STAT_H 1
| #define HAVE_STDLIB_H 1
| #define HAVE_STRING_H 1
| #define HAVE_MEMORY_H 1
| #define HAVE_STRINGS_H 1
| #define HAVE_INTTYPES_H 1
| #define HAVE_STDINT_H 1
| #define HAVE_UNISTD_H 1
| #define HAVE_PTHREAD_PRIO_INHERIT 1
| #define HAVE_PTHREAD 1
| #define HAVE_DECL_STRERROR_R 1
| #define HAVE_STRERROR_R 1
| #define HAVE_STDIO_H 1
| #define HAVE_STDLIB_H 1
| #define HAVE_UNISTD_H 1
| #define HAVE_STRINGS_H 1
| #define HAVE_SYS_TYPES_H 1
| #define HAVE_SYS_STAT_H 1
| /* end confdefs.h.  */
| 
|       #include <libdb4.8/db_cxx.h>
| 
| int
| main ()
| {
| 
|       #if !((DB_VERSION_MAJOR == 4 && DB_VERSION_MINOR >= 8) || DB_VERSION_MAJOR > 4)
|         #error "failed to find bdb 4.8+"
|       #endif
| 
|   ;
|   return 0;
| }
configure:10299: g++ -c -g -O2 -Wall -Wextra -Wformat -Wformat-security -Wno-unused-parameter  -Wstack-protector -fstack-protector-all -fPIE  -DBOOST_SPIRIT_THREADSAFE -DHAVE_BUILD_INFO -D__STDC_FORMAT_MACROS -isystem /opt/local/include -I/opt/local/include/db48 -I/usr/local/opt/berkeley-db@4/include -DMAC_OSX  -U_FORTIFY_SOURCE -D_FORTIFY_SOURCE=2 conftest.cpp >&5
conftest.cpp:30:16: fatal error: 'db4.8/db_cxx.h' file not found
      #include <db4.8/db_cxx.h>
               ^
1 error generated.
configure:10299: $? = 1
configure: failed program was:
| /* confdefs.h */
| #define PACKAGE_NAME "MTcoin Core"
| #define PACKAGE_TARNAME "mtcoin"
| #define PACKAGE_VERSION "0.9.5"
| #define PACKAGE_STRING "MTcoin Core 0.9.5"
| #define PACKAGE_BUGREPORT "info@mtcoin.org"
| #define PACKAGE_URL ""
| #define STDC_HEADERS 1
| #define HAVE_SYS_TYPES_H 1
| #define HAVE_SYS_STAT_H 1
| #define HAVE_STDLIB_H 1
| #define HAVE_STRING_H 1
| #define HAVE_MEMORY_H 1
| #define HAVE_STRINGS_H 1
| #define HAVE_INTTYPES_H 1
| #define HAVE_STDINT_H 1
| #define HAVE_UNISTD_H 1
| #define HAVE_PTHREAD_PRIO_INHERIT 1
| #define HAVE_PTHREAD 1
| #define HAVE_DECL_STRERROR_R 1
| #define HAVE_STRERROR_R 1
| #define HAVE_STDIO_H 1
| #define HAVE_STDLIB_H 1
| #define HAVE_UNISTD_H 1
| #define HAVE_STRINGS_H 1
| #define HAVE_SYS_TYPES_H 1
| #define HAVE_SYS_STAT_H 1
| /* end confdefs.h.  */
| 
|       #include <db4.8/db_cxx.h>
| 
| int
| main ()
| {
| 
|       #if !((DB_VERSION_MAJOR == 4 && DB_VERSION_MINOR >= 8) || DB_VERSION_MAJOR > 4)
|         #error "failed to find bdb 4.8+"
|       #endif
| 
|   ;
|   return 0;
| }
configure:10299: g++ -c -g -O2 -Wall -Wextra -Wformat -Wformat-security -Wno-unused-parameter  -Wstack-protector -fstack-protector-all -fPIE  -DBOOST_SPIRIT_THREADSAFE -DHAVE_BUILD_INFO -D__STDC_FORMAT_MACROS -isystem /opt/local/include -I/opt/local/include/db48 -I/usr/local/opt/berkeley-db@4/include -DMAC_OSX  -U_FORTIFY_SOURCE -D_FORTIFY_SOURCE=2 conftest.cpp >&5
conftest.cpp:30:16: fatal error: 'bdb48/db_cxx.h' file not found
      #include <bdb48/db_cxx.h>
               ^
1 error generated.
configure:10299: $? = 1
configure: failed program was:
| /* confdefs.h */
| #define PACKAGE_NAME "MTcoin Core"
| #define PACKAGE_TARNAME "mtcoin"
| #define PACKAGE_VERSION "0.9.5"
| #define PACKAGE_STRING "MTcoin Core 0.9.5"
| #define PACKAGE_BUGREPORT "info@mtcoin.org"
| #define PACKAGE_URL ""
| #define STDC_HEADERS 1
| #define HAVE_SYS_TYPES_H 1
| #define HAVE_SYS_STAT_H 1
| #define HAVE_STDLIB_H 1
| #define HAVE_STRING_H 1
| #define HAVE_MEMORY_H 1
| #define HAVE_STRINGS_H 1
| #define HAVE_INTTYPES_H 1
| #define HAVE_STDINT_H 1
| #define HAVE_UNISTD_H 1
| #define HAVE_PTHREAD_PRIO_INHERIT 1
| #define HAVE_PTHREAD 1
| #define HAVE_DECL_STRERROR_R 1
| #define HAVE_STRERROR_R 1
| #define HAVE_STDIO_H 1
| #define HAVE_STDLIB_H 1
| #define HAVE_UNISTD_H 1
| #define HAVE_STRINGS_H 1
| #define HAVE_SYS_TYPES_H 1
| #define HAVE_SYS_STAT_H 1
| /* end confdefs.h.  */
| 
|       #include <bdb48/db_cxx.h>
| 
| int
| main ()
| {
| 
|       #if !((DB_VERSION_MAJOR == 4 && DB_VERSION_MINOR >= 8) || DB_VERSION_MAJOR > 4)
|         #error "failed to find bdb 4.8+"
|       #endif
| 
|   ;
|   return 0;
| }
configure:10299: g++ -c -g -O2 -Wall -Wextra -Wformat -Wformat-security -Wno-unused-parameter  -Wstack-protector -fstack-protector-all -fPIE  -DBOOST_SPIRIT_THREADSAFE -DHAVE_BUILD_INFO -D__STDC_FORMAT_MACROS -isystem /opt/local/include -I/opt/local/include/db48 -I/usr/local/opt/berkeley-db@4/include -DMAC_OSX  -U_FORTIFY_SOURCE -D_FORTIFY_SOURCE=2 conftest.cpp >&5
conftest.cpp:30:16: fatal error: 'libdb48/db_cxx.h' file not found
      #include <libdb48/db_cxx.h>
               ^
1 error generated.
configure:10299: $? = 1
configure: failed program was:
| /* confdefs.h */
| #define PACKAGE_NAME "MTcoin Core"
| #define PACKAGE_TARNAME "mtcoin"
| #define PACKAGE_VERSION "0.9.5"
| #define PACKAGE_STRING "MTcoin Core 0.9.5"
| #define PACKAGE_BUGREPORT "info@mtcoin.org"
| #define PACKAGE_URL ""
| #define STDC_HEADERS 1
| #define HAVE_SYS_TYPES_H 1
| #define HAVE_SYS_STAT_H 1
| #define HAVE_STDLIB_H 1
| #define HAVE_STRING_H 1
| #define HAVE_MEMORY_H 1
| #define HAVE_STRINGS_H 1
| #define HAVE_INTTYPES_H 1
| #define HAVE_STDINT_H 1
| #define HAVE_UNISTD_H 1
| #define HAVE_PTHREAD_PRIO_INHERIT 1
| #define HAVE_PTHREAD 1
| #define HAVE_DECL_STRERROR_R 1
| #define HAVE_STRERROR_R 1
| #define HAVE_STDIO_H 1
| #define HAVE_STDLIB_H 1
| #define HAVE_UNISTD_H 1
| #define HAVE_STRINGS_H 1
| #define HAVE_SYS_TYPES_H 1
| #define HAVE_SYS_STAT_H 1
| /* end confdefs.h.  */
| 
|       #include <libdb48/db_cxx.h>
| 
| int
| main ()
| {
| 
|       #if !((DB_VERSION_MAJOR == 4 && DB_VERSION_MINOR >= 8) || DB_VERSION_MAJOR > 4)
|         #error "failed to find bdb 4.8+"
|       #endif
| 
|   ;
|   return 0;
| }
configure:10299: g++ -c -g -O2 -Wall -Wextra -Wformat -Wformat-security -Wno-unused-parameter  -Wstack-protector -fstack-protector-all -fPIE  -DBOOST_SPIRIT_THREADSAFE -DHAVE_BUILD_INFO -D__STDC_FORMAT_MACROS -isystem /opt/local/include -I/opt/local/include/db48 -I/usr/local/opt/berkeley-db@4/include -DMAC_OSX  -U_FORTIFY_SOURCE -D_FORTIFY_SOURCE=2 conftest.cpp >&5
conftest.cpp:30:16: fatal error: 'db48/db_cxx.h' file not found
      #include <db48/db_cxx.h>
               ^
1 error generated.
configure:10299: $? = 1
configure: failed program was:
| /* confdefs.h */
| #define PACKAGE_NAME "MTcoin Core"
| #define PACKAGE_TARNAME "mtcoin"
| #define PACKAGE_VERSION "0.9.5"
| #define PACKAGE_STRING "MTcoin Core 0.9.5"
| #define PACKAGE_BUGREPORT "info@mtcoin.org"
| #define PACKAGE_URL ""
| #define STDC_HEADERS 1
| #define HAVE_SYS_TYPES_H 1
| #define HAVE_SYS_STAT_H 1
| #define HAVE_STDLIB_H 1
| #define HAVE_STRING_H 1
| #define HAVE_MEMORY_H 1
| #define HAVE_STRINGS_H 1
| #define HAVE_INTTYPES_H 1
| #define HAVE_STDINT_H 1
| #define HAVE_UNISTD_H 1
| #define HAVE_PTHREAD_PRIO_INHERIT 1
| #define HAVE_PTHREAD 1
| #define HAVE_DECL_STRERROR_R 1
| #define HAVE_STRERROR_R 1
| #define HAVE_STDIO_H 1
| #define HAVE_STDLIB_H 1
| #define HAVE_UNISTD_H 1
| #define HAVE_STRINGS_H 1
| #define HAVE_SYS_TYPES_H 1
| #define HAVE_SYS_STAT_H 1
| /* end confdefs.h.  */
| 
|       #include <db48/db_cxx.h>
| 
| int
| main ()
| {
| 
|       #if !((DB_VERSION_MAJOR == 4 && DB_VERSION_MINOR >= 8) || DB_VERSION_MAJOR > 4)
|         #error "failed to find bdb 4.8+"
|       #endif
| 
|   ;
|   return 0;
| }
configure:10299: g++ -c -g -O2 -Wall -Wextra -Wformat -Wformat-security -Wno-unused-parameter  -Wstack-protector -fstack-protector-all -fPIE  -DBOOST_SPIRIT_THREADSAFE -DHAVE_BUILD_INFO -D__STDC_FORMAT_MACROS -isystem /opt/local/include -I/opt/local/include/db48 -I/usr/local/opt/berkeley-db@4/include -DMAC_OSX  -U_FORTIFY_SOURCE -D_FORTIFY_SOURCE=2 conftest.cpp >&5
conftest.cpp:30:16: fatal error: 'bdb4/db_cxx.h' file not found
      #include <bdb4/db_cxx.h>
               ^
1 error generated.
configure:10299: $? = 1
configure: failed program was:
| /* confdefs.h */
| #define PACKAGE_NAME "MTcoin Core"
| #define PACKAGE_TARNAME "mtcoin"
| #define PACKAGE_VERSION "0.9.5"
| #define PACKAGE_STRING "MTcoin Core 0.9.5"
| #define PACKAGE_BUGREPORT "info@mtcoin.org"
| #define PACKAGE_URL ""
| #define STDC_HEADERS 1
| #define HAVE_SYS_TYPES_H 1
| #define HAVE_SYS_STAT_H 1
| #define HAVE_STDLIB_H 1
| #define HAVE_STRING_H 1
| #define HAVE_MEMORY_H 1
| #define HAVE_STRINGS_H 1
| #define HAVE_INTTYPES_H 1
| #define HAVE_STDINT_H 1
| #define HAVE_UNISTD_H 1
| #define HAVE_PTHREAD_PRIO_INHERIT 1
| #define HAVE_PTHREAD 1
| #define HAVE_DECL_STRERROR_R 1
| #define HAVE_STRERROR_R 1
| #define HAVE_STDIO_H 1
| #define HAVE_STDLIB_H 1
| #define HAVE_UNISTD_H 1
| #define HAVE_STRINGS_H 1
| #define HAVE_SYS_TYPES_H 1
| #define HAVE_SYS_STAT_H 1
| /* end confdefs.h.  */
| 
|       #include <bdb4/db_cxx.h>
| 
| int
| main ()
| {
| 
|       #if !((DB_VERSION_MAJOR == 4 && DB_VERSION_MINOR >= 8) || DB_VERSION_MAJOR > 4)
|         #error "failed to find bdb 4.8+"
|       #endif
| 
|   ;
|   return 0;
| }
configure:10299: g++ -c -g -O2 -Wall -Wextra -Wformat -Wformat-security -Wno-unused-parameter  -Wstack-protector -fstack-protector-all -fPIE  -DBOOST_SPIRIT_THREADSAFE -DHAVE_BUILD_INFO -D__STDC_FORMAT_MACROS -isystem /opt/local/include -I/opt/local/include/db48 -I/usr/local/opt/berkeley-db@4/include -DMAC_OSX  -U_FORTIFY_SOURCE -D_FORTIFY_SOURCE=2 conftest.cpp >&5
conftest.cpp:30:16: fatal error: 'libdb4/db_cxx.h' file not found
      #include <libdb4/db_cxx.h>
               ^
1 error generated.
configure:10299: $? = 1
configure: failed program was:
| /* confdefs.h */
| #define PACKAGE_NAME "MTcoin Core"
| #define PACKAGE_TARNAME "mtcoin"
| #define PACKAGE_VERSION "0.9.5"
| #define PACKAGE_STRING "MTcoin Core 0.9.5"
| #define PACKAGE_BUGREPORT "info@mtcoin.org"
| #define PACKAGE_URL ""
| #define STDC_HEADERS 1
| #define HAVE_SYS_TYPES_H 1
| #define HAVE_SYS_STAT_H 1
| #define HAVE_STDLIB_H 1
| #define HAVE_STRING_H 1
| #define HAVE_MEMORY_H 1
| #define HAVE_STRINGS_H 1
| #define HAVE_INTTYPES_H 1
| #define HAVE_STDINT_H 1
| #define HAVE_UNISTD_H 1
| #define HAVE_PTHREAD_PRIO_INHERIT 1
| #define HAVE_PTHREAD 1
| #define HAVE_DECL_STRERROR_R 1
| #define HAVE_STRERROR_R 1
| #define HAVE_STDIO_H 1
| #define HAVE_STDLIB_H 1
| #define HAVE_UNISTD_H 1
| #define HAVE_STRINGS_H 1
| #define HAVE_SYS_TYPES_H 1
| #define HAVE_SYS_STAT_H 1
| /* end confdefs.h.  */
| 
|       #include <libdb4/db_cxx.h>
| 
| int
| main ()
| {
| 
|       #if !((DB_VERSION_MAJOR == 4 && DB_VERSION_MINOR >= 8) || DB_VERSION_MAJOR > 4)
|         #error "failed to find bdb 4.8+"
|       #endif
| 
|   ;
|   return 0;
| }
configure:10299: g++ -c -g -O2 -Wall -Wextra -Wformat -Wformat-security -Wno-unused-parameter  -Wstack-protector -fstack-protector-all -fPIE  -DBOOST_SPIRIT_THREADSAFE -DHAVE_BUILD_INFO -D__STDC_FORMAT_MACROS -isystem /opt/local/include -I/opt/local/include/db48 -I/usr/local/opt/berkeley-db@4/include -DMAC_OSX  -U_FORTIFY_SOURCE -D_FORTIFY_SOURCE=2 conftest.cpp >&5
conftest.cpp:30:16: fatal error: 'db4/db_cxx.h' file not found
      #include <db4/db_cxx.h>
               ^
1 error generated.
configure:10299: $? = 1
configure: failed program was:
| /* confdefs.h */
| #define PACKAGE_NAME "MTcoin Core"
| #define PACKAGE_TARNAME "mtcoin"
| #define PACKAGE_VERSION "0.9.5"
| #define PACKAGE_STRING "MTcoin Core 0.9.5"
| #define PACKAGE_BUGREPORT "info@mtcoin.org"
| #define PACKAGE_URL ""
| #define STDC_HEADERS 1
| #define HAVE_SYS_TYPES_H 1
| #define HAVE_SYS_STAT_H 1
| #define HAVE_STDLIB_H 1
| #define HAVE_STRING_H 1
| #define HAVE_MEMORY_H 1
| #define HAVE_STRINGS_H 1
| #define HAVE_INTTYPES_H 1
| #define HAVE_STDINT_H 1
| #define HAVE_UNISTD_H 1
| #define HAVE_PTHREAD_PRIO_INHERIT 1
| #define HAVE_PTHREAD 1
| #define HAVE_DECL_STRERROR_R 1
| #define HAVE_STRERROR_R 1
| #define HAVE_STDIO_H 1
| #define HAVE_STDLIB_H 1
| #define HAVE_UNISTD_H 1
| #define HAVE_STRINGS_H 1
| #define HAVE_SYS_TYPES_H 1
| #define HAVE_SYS_STAT_H 1
| /* end confdefs.h.  */
| 
|       #include <db4/db_cxx.h>
| 
| int
| main ()
| {
| 
|       #if !((DB_VERSION_MAJOR == 4 && DB_VERSION_MINOR >= 8) || DB_VERSION_MAJOR > 4)
|         #error "failed to find bdb 4.8+"
|       #endif
| 
|   ;
|   return 0;
| }
configure:10299: g++ -c -g -O2 -Wall -Wextra -Wformat -Wformat-security -Wno-unused-parameter  -Wstack-protector -fstack-protector-all -fPIE  -DBOOST_SPIRIT_THREADSAFE -DHAVE_BUILD_INFO -D__STDC_FORMAT_MACROS -isystem /opt/local/include -I/opt/local/include/db48 -I/usr/local/opt/berkeley-db@4/include -DMAC_OSX  -U_FORTIFY_SOURCE -D_FORTIFY_SOURCE=2 conftest.cpp >&5
conftest.cpp:30:16: fatal error: 'bdb5/db_cxx.h' file not found
      #include <bdb5/db_cxx.h>
               ^
1 error generated.
configure:10299: $? = 1
configure: failed program was:
| /* confdefs.h */
| #define PACKAGE_NAME "MTcoin Core"
| #define PACKAGE_TARNAME "mtcoin"
| #define PACKAGE_VERSION "0.9.5"
| #define PACKAGE_STRING "MTcoin Core 0.9.5"
| #define PACKAGE_BUGREPORT "info@mtcoin.org"
| #define PACKAGE_URL ""
| #define STDC_HEADERS 1
| #define HAVE_SYS_TYPES_H 1
| #define HAVE_SYS_STAT_H 1
| #define HAVE_STDLIB_H 1
| #define HAVE_STRING_H 1
| #define HAVE_MEMORY_H 1
| #define HAVE_STRINGS_H 1
| #define HAVE_INTTYPES_H 1
| #define HAVE_STDINT_H 1
| #define HAVE_UNISTD_H 1
| #define HAVE_PTHREAD_PRIO_INHERIT 1
| #define HAVE_PTHREAD 1
| #define HAVE_DECL_STRERROR_R 1
| #define HAVE_STRERROR_R 1
| #define HAVE_STDIO_H 1
| #define HAVE_STDLIB_H 1
| #define HAVE_UNISTD_H 1
| #define HAVE_STRINGS_H 1
| #define HAVE_SYS_TYPES_H 1
| #define HAVE_SYS_STAT_H 1
| /* end confdefs.h.  */
| 
|       #include <bdb5/db_cxx.h>
| 
| int
| main ()
| {
| 
|       #if !((DB_VERSION_MAJOR == 4 && DB_VERSION_MINOR >= 8) || DB_VERSION_MAJOR > 4)
|         #error "failed to find bdb 4.8+"
|       #endif
| 
|   ;
|   return 0;
| }
configure:10299: g++ -c -g -O2 -Wall -Wextra -Wformat -Wformat-security -Wno-unused-parameter  -Wstack-protector -fstack-protector-all -fPIE  -DBOOST_SPIRIT_THREADSAFE -DHAVE_BUILD_INFO -D__STDC_FORMAT_MACROS -isystem /opt/local/include -I/opt/local/include/db48 -I/usr/local/opt/berkeley-db@4/include -DMAC_OSX  -U_FORTIFY_SOURCE -D_FORTIFY_SOURCE=2 conftest.cpp >&5
conftest.cpp:30:16: fatal error: 'libdb5/db_cxx.h' file not found
      #include <libdb5/db_cxx.h>
               ^
1 error generated.
configure:10299: $? = 1
configure: failed program was:
| /* confdefs.h */
| #define PACKAGE_NAME "MTcoin Core"
| #define PACKAGE_TARNAME "mtcoin"
| #define PACKAGE_VERSION "0.9.5"
| #define PACKAGE_STRING "MTcoin Core 0.9.5"
| #define PACKAGE_BUGREPORT "info@mtcoin.org"
| #define PACKAGE_URL ""
| #define STDC_HEADERS 1
| #define HAVE_SYS_TYPES_H 1
| #define HAVE_SYS_STAT_H 1
| #define HAVE_STDLIB_H 1
| #define HAVE_STRING_H 1
| #define HAVE_MEMORY_H 1
| #define HAVE_STRINGS_H 1
| #define HAVE_INTTYPES_H 1
| #define HAVE_STDINT_H 1
| #define HAVE_UNISTD_H 1
| #define HAVE_PTHREAD_PRIO_INHERIT 1
| #define HAVE_PTHREAD 1
| #define HAVE_DECL_STRERROR_R 1
| #define HAVE_STRERROR_R 1
| #define HAVE_STDIO_H 1
| #define HAVE_STDLIB_H 1
| #define HAVE_UNISTD_H 1
| #define HAVE_STRINGS_H 1
| #define HAVE_SYS_TYPES_H 1
| #define HAVE_SYS_STAT_H 1
| /* end confdefs.h.  */
| 
|       #include <libdb5/db_cxx.h>
| 
| int
| main ()
| {
| 
|       #if !((DB_VERSION_MAJOR == 4 && DB_VERSION_MINOR >= 8) || DB_VERSION_MAJOR > 4)
|         #error "failed to find bdb 4.8+"
|       #endif
| 
|   ;
|   return 0;
| }
configure:10299: g++ -c -g -O2 -Wall -Wextra -Wformat -Wformat-security -Wno-unused-parameter  -Wstack-protector -fstack-protector-all -fPIE  -DBOOST_SPIRIT_THREADSAFE -DHAVE_BUILD_INFO -D__STDC_FORMAT_MACROS -isystem /opt/local/include -I/opt/local/include/db48 -I/usr/local/opt/berkeley-db@4/include -DMAC_OSX  -U_FORTIFY_SOURCE -D_FORTIFY_SOURCE=2 conftest.cpp >&5
conftest.cpp:30:16: fatal error: 'db5/db_cxx.h' file not found
      #include <db5/db_cxx.h>
               ^
1 error generated.
configure:10299: $? = 1
configure: failed program was:
| /* confdefs.h */
| #define PACKAGE_NAME "MTcoin Core"
| #define PACKAGE_TARNAME "mtcoin"
| #define PACKAGE_VERSION "0.9.5"
| #define PACKAGE_STRING "MTcoin Core 0.9.5"
| #define PACKAGE_BUGREPORT "info@mtcoin.org"
| #define PACKAGE_URL ""
| #define STDC_HEADERS 1
| #define HAVE_SYS_TYPES_H 1
| #define HAVE_SYS_STAT_H 1
| #define HAVE_STDLIB_H 1
| #define HAVE_STRING_H 1
| #define HAVE_MEMORY_H 1
| #define HAVE_STRINGS_H 1
| #define HAVE_INTTYPES_H 1
| #define HAVE_STDINT_H 1
| #define HAVE_UNISTD_H 1
| #define HAVE_PTHREAD_PRIO_INHERIT 1
| #define HAVE_PTHREAD 1
| #define HAVE_DECL_STRERROR_R 1
| #define HAVE_STRERROR_R 1
| #define HAVE_STDIO_H 1
| #define HAVE_STDLIB_H 1
| #define HAVE_UNISTD_H 1
| #define HAVE_STRINGS_H 1
| #define HAVE_SYS_TYPES_H 1
| #define HAVE_SYS_STAT_H 1
| /* end confdefs.h.  */
| 
|       #include <db5/db_cxx.h>
| 
| int
| main ()
| {
| 
|       #if !((DB_VERSION_MAJOR == 4 && DB_VERSION_MINOR >= 8) || DB_VERSION_MAJOR > 4)
|         #error "failed to find bdb 4.8+"
|       #endif
| 
|   ;
|   return 0;
| }
configure:10299: g++ -c -g -O2 -Wall -Wextra -Wformat -Wformat-security -Wno-unused-parameter  -Wstack-protector -fstack-protector-all -fPIE  -DBOOST_SPIRIT_THREADSAFE -DHAVE_BUILD_INFO -D__STDC_FORMAT_MACROS -isystem /opt/local/include -I/opt/local/include/db48 -I/usr/local/opt/berkeley-db@4/include -DMAC_OSX  -U_FORTIFY_SOURCE -D_FORTIFY_SOURCE=2 conftest.cpp >&5
conftest.cpp:30:16: fatal error: 'bdb/db_cxx.h' file not found
      #include <bdb/db_cxx.h>
               ^
1 error generated.
configure:10299: $? = 1
configure: failed program was:
| /* confdefs.h */
| #define PACKAGE_NAME "MTcoin Core"
| #define PACKAGE_TARNAME "mtcoin"
| #define PACKAGE_VERSION "0.9.5"
| #define PACKAGE_STRING "MTcoin Core 0.9.5"
| #define PACKAGE_BUGREPORT "info@mtcoin.org"
| #define PACKAGE_URL ""
| #define STDC_HEADERS 1
| #define HAVE_SYS_TYPES_H 1
| #define HAVE_SYS_STAT_H 1
| #define HAVE_STDLIB_H 1
| #define HAVE_STRING_H 1
| #define HAVE_MEMORY_H 1
| #define HAVE_STRINGS_H 1
| #define HAVE_INTTYPES_H 1
| #define HAVE_STDINT_H 1
| #define HAVE_UNISTD_H 1
| #define HAVE_PTHREAD_PRIO_INHERIT 1
| #define HAVE_PTHREAD 1
| #define HAVE_DECL_STRERROR_R 1
| #define HAVE_STRERROR_R 1
| #define HAVE_STDIO_H 1
| #define HAVE_STDLIB_H 1
| #define HAVE_UNISTD_H 1
| #define HAVE_STRINGS_H 1
| #define HAVE_SYS_TYPES_H 1
| #define HAVE_SYS_STAT_H 1
| /* end confdefs.h.  */
| 
|       #include <bdb/db_cxx.h>
| 
| int
| main ()
| {
| 
|       #if !((DB_VERSION_MAJOR == 4 && DB_VERSION_MINOR >= 8) || DB_VERSION_MAJOR > 4)
|         #error "failed to find bdb 4.8+"
|       #endif
| 
|   ;
|   return 0;
| }
configure:10299: g++ -c -g -O2 -Wall -Wextra -Wformat -Wformat-security -Wno-unused-parameter  -Wstack-protector -fstack-protector-all -fPIE  -DBOOST_SPIRIT_THREADSAFE -DHAVE_BUILD_INFO -D__STDC_FORMAT_MACROS -isystem /opt/local/include -I/opt/local/include/db48 -I/usr/local/opt/berkeley-db@4/include -DMAC_OSX  -U_FORTIFY_SOURCE -D_FORTIFY_SOURCE=2 conftest.cpp >&5
conftest.cpp:30:16: fatal error: 'libdb/db_cxx.h' file not found
      #include <libdb/db_cxx.h>
               ^
1 error generated.
configure:10299: $? = 1
configure: failed program was:
| /* confdefs.h */
| #define PACKAGE_NAME "MTcoin Core"
| #define PACKAGE_TARNAME "mtcoin"
| #define PACKAGE_VERSION "0.9.5"
| #define PACKAGE_STRING "MTcoin Core 0.9.5"
| #define PACKAGE_BUGREPORT "info@mtcoin.org"
| #define PACKAGE_URL ""
| #define STDC_HEADERS 1
| #define HAVE_SYS_TYPES_H 1
| #define HAVE_SYS_STAT_H 1
| #define HAVE_STDLIB_H 1
| #define HAVE_STRING_H 1
| #define HAVE_MEMORY_H 1
| #define HAVE_STRINGS_H 1
| #define HAVE_INTTYPES_H 1
| #define HAVE_STDINT_H 1
| #define HAVE_UNISTD_H 1
| #define HAVE_PTHREAD_PRIO_INHERIT 1
| #define HAVE_PTHREAD 1
| #define HAVE_DECL_STRERROR_R 1
| #define HAVE_STRERROR_R 1
| #define HAVE_STDIO_H 1
| #define HAVE_STDLIB_H 1
| #define HAVE_UNISTD_H 1
| #define HAVE_STRINGS_H 1
| #define HAVE_SYS_TYPES_H 1
| #define HAVE_SYS_STAT_H 1
| /* end confdefs.h.  */
| 
|       #include <libdb/db_cxx.h>
| 
| int
| main ()
| {
| 
|       #if !((DB_VERSION_MAJOR == 4 && DB_VERSION_MINOR >= 8) || DB_VERSION_MAJOR > 4)
|         #error "failed to find bdb 4.8+"
|       #endif
| 
|   ;
|   return 0;
| }
configure:10299: g++ -c -g -O2 -Wall -Wextra -Wformat -Wformat-security -Wno-unused-parameter  -Wstack-protector -fstack-protector-all -fPIE  -DBOOST_SPIRIT_THREADSAFE -DHAVE_BUILD_INFO -D__STDC_FORMAT_MACROS -isystem /opt/local/include -I/opt/local/include/db48 -I/usr/local/opt/berkeley-db@4/include -DMAC_OSX  -U_FORTIFY_SOURCE -D_FORTIFY_SOURCE=2 conftest.cpp >&5
conftest.cpp:30:16: fatal error: 'db/db_cxx.h' file not found
      #include <db/db_cxx.h>
               ^
1 error generated.
configure:10299: $? = 1
configure: failed program was:
| /* confdefs.h */
| #define PACKAGE_NAME "MTcoin Core"
| #define PACKAGE_TARNAME "mtcoin"
| #define PACKAGE_VERSION "0.9.5"
| #define PACKAGE_STRING "MTcoin Core 0.9.5"
| #define PACKAGE_BUGREPORT "info@mtcoin.org"
| #define PACKAGE_URL ""
| #define STDC_HEADERS 1
| #define HAVE_SYS_TYPES_H 1
| #define HAVE_SYS_STAT_H 1
| #define HAVE_STDLIB_H 1
| #define HAVE_STRING_H 1
| #define HAVE_MEMORY_H 1
| #define HAVE_STRINGS_H 1
| #define HAVE_INTTYPES_H 1
| #define HAVE_STDINT_H 1
| #define HAVE_UNISTD_H 1
| #define HAVE_PTHREAD_PRIO_INHERIT 1
| #define HAVE_PTHREAD 1
| #define HAVE_DECL_STRERROR_R 1
| #define HAVE_STRERROR_R 1
| #define HAVE_STDIO_H 1
| #define HAVE_STDLIB_H 1
| #define HAVE_UNISTD_H 1
| #define HAVE_STRINGS_H 1
| #define HAVE_SYS_TYPES_H 1
| #define HAVE_SYS_STAT_H 1
| /* end confdefs.h.  */
| 
|       #include <db/db_cxx.h>
| 
| int
| main ()
| {
| 
|       #if !((DB_VERSION_MAJOR == 4 && DB_VERSION_MINOR >= 8) || DB_VERSION_MAJOR > 4)
|         #error "failed to find bdb 4.8+"
|       #endif
| 
|   ;
|   return 0;
| }
configure:10299: g++ -c -g -O2 -Wall -Wextra -Wformat -Wformat-security -Wno-unused-parameter  -Wstack-protector -fstack-protector-all -fPIE  -DBOOST_SPIRIT_THREADSAFE -DHAVE_BUILD_INFO -D__STDC_FORMAT_MACROS -isystem /opt/local/include -I/opt/local/include/db48 -I/usr/local/opt/berkeley-db@4/include -DMAC_OSX  -U_FORTIFY_SOURCE -D_FORTIFY_SOURCE=2 conftest.cpp >&5
configure:10299: $? = 0
configure:10328: g++ -c -g -O2 -Wall -Wextra -Wformat -Wformat-security -Wno-unused-parameter  -Wstack-protector -fstack-protector-all -fPIE  -DBOOST_SPIRIT_THREADSAFE -DHAVE_BUILD_INFO -D__STDC_FORMAT_MACROS -isystem /opt/local/include -I/opt/local/include/db48 -I/usr/local/opt/berkeley-db@4/include -DMAC_OSX  -U_FORTIFY_SOURCE -D_FORTIFY_SOURCE=2 conftest.cpp >&5
configure:10328: $? = 0
configure:10371: result: default
configure:10390: checking for main in -ldb_cxx-4.8
configure:10409: g++ -o conftest -g -O2 -Wall -Wextra -Wformat -Wformat-security -Wno-unused-parameter  -Wstack-protector -fstack-protector-all -fPIE  -DBOOST_SPIRIT_THREADSAFE -DHAVE_BUILD_INFO -D__STDC_FORMAT_MACROS -isystem /opt/local/include -I/opt/local/include/db48 -I/usr/local/opt/berkeley-db@4/include -DMAC_OSX  -U_FORTIFY_SOURCE -D_FORTIFY_SOURCE=2   -pie -Wl,-dead_strip conftest.cpp -ldb_cxx-4.8   -L/opt/local/lib -L/opt/local/lib/db48 -L/usr/local/opt/berkeley-db@4/lib >&5
clang: warning: argument unused during compilation: '-pie'
conftest.cpp:33:1: warning: all paths through this function will call itself [-Winfinite-recursion]
{
^
1 warning generated.
ld: warning: directory not found for option '-L/opt/local/lib/db48'
configure:10409: $? = 0
configure:10419: result: yes
configure:10543: checking for boostlib >= 1.20.0
configure:10628: g++ -c -g -O2 -Wall -Wextra -Wformat -Wformat-security -Wno-unused-parameter  -Wstack-protector -fstack-protector-all -fPIE  -DBOOST_SPIRIT_THREADSAFE -DHAVE_BUILD_INFO -D__STDC_FORMAT_MACROS -isystem /opt/local/include -I/opt/local/include/db48 -I/usr/local/opt/berkeley-db@4/include -DMAC_OSX  -U_FORTIFY_SOURCE -D_FORTIFY_SOURCE=2 -I/usr/local/include conftest.cpp >&5
configure:10628: $? = 0
configure:10630: result: yes
configure:10814: checking whether the Boost::System library is available
configure:10838: g++ -c -g -O2 -Wall -Wextra -Wformat -Wformat-security -Wno-unused-parameter  -Wstack-protector -fstack-protector-all -fPIE  -DBOOST_SPIRIT_THREADSAFE -DHAVE_BUILD_INFO -D__STDC_FORMAT_MACROS -isystem /opt/local/include -I/opt/local/include/db48 -I/usr/local/opt/berkeley-db@4/include -DMAC_OSX  -U_FORTIFY_SOURCE -D_FORTIFY_SOURCE=2 -I/usr/local/include conftest.cpp >&5
conftest.cpp:34:1: warning: expression result unused [-Wunused-value]
boost::system::system_category
^~~~~~~~~~~~~~~~~~~~~~~~~~~~~~
1 warning generated.
configure:10838: $? = 0
configure:10853: result: yes
configure:10869: checking for exit in -lboost_system
configure:10894: g++ -o conftest -g -O2 -Wall -Wextra -Wformat -Wformat-security -Wno-unused-parameter  -Wstack-protector -fstack-protector-all -fPIE  -DBOOST_SPIRIT_THREADSAFE -DHAVE_BUILD_INFO -D__STDC_FORMAT_MACROS -isystem /opt/local/include -I/opt/local/include/db48 -I/usr/local/opt/berkeley-db@4/include -DMAC_OSX  -U_FORTIFY_SOURCE -D_FORTIFY_SOURCE=2 -I/usr/local/include   -pie -Wl,-dead_strip -L/usr/local/lib conftest.cpp -lboost_system   -L/opt/local/lib -L/opt/local/lib/db48 -L/usr/local/opt/berkeley-db@4/lib >&5
clang: warning: argument unused during compilation: '-pie'
ld: warning: directory not found for option '-L/opt/local/lib/db48'
configure:10894: $? = 0
configure:10904: result: yes
configure:11059: checking whether the Boost::Filesystem library is available
configure:11083: g++ -c -g -O2 -Wall -Wextra -Wformat -Wformat-security -Wno-unused-parameter  -Wstack-protector -fstack-protector-all -fPIE  -DBOOST_SPIRIT_THREADSAFE -DHAVE_BUILD_INFO -D__STDC_FORMAT_MACROS -isystem /opt/local/include -I/opt/local/include/db48 -I/usr/local/opt/berkeley-db@4/include -DMAC_OSX  -U_FORTIFY_SOURCE -D_FORTIFY_SOURCE=2 -I/usr/local/include conftest.cpp >&5
configure:11083: $? = 0
configure:11097: result: yes
configure:11109: checking for exit in -lboost_filesystem
configure:11134: g++ -o conftest -g -O2 -Wall -Wextra -Wformat -Wformat-security -Wno-unused-parameter  -Wstack-protector -fstack-protector-all -fPIE  -DBOOST_SPIRIT_THREADSAFE -DHAVE_BUILD_INFO -D__STDC_FORMAT_MACROS -isystem /opt/local/include -I/opt/local/include/db48 -I/usr/local/opt/berkeley-db@4/include -DMAC_OSX  -U_FORTIFY_SOURCE -D_FORTIFY_SOURCE=2 -I/usr/local/include   -pie -Wl,-dead_strip -L/usr/local/lib conftest.cpp -lboost_filesystem   -L/opt/local/lib -L/opt/local/lib/db48 -L/usr/local/opt/berkeley-db@4/lib -lboost_system >&5
clang: warning: argument unused during compilation: '-pie'
ld: warning: directory not found for option '-L/opt/local/lib/db48'
configure:11134: $? = 0
configure:11144: result: yes
configure:11294: checking whether the Boost::Program_Options library is available
configure:11318: g++ -c -g -O2 -Wall -Wextra -Wformat -Wformat-security -Wno-unused-parameter  -Wstack-protector -fstack-protector-all -fPIE  -DBOOST_SPIRIT_THREADSAFE -DHAVE_BUILD_INFO -D__STDC_FORMAT_MACROS -isystem /opt/local/include -I/opt/local/include/db48 -I/usr/local/opt/berkeley-db@4/include -DMAC_OSX  -U_FORTIFY_SOURCE -D_FORTIFY_SOURCE=2 -I/usr/local/include conftest.cpp >&5
configure:11318: $? = 0
configure:11332: result: yes
configure:11344: checking for exit in -lboost_program_options-mt
configure:11369: g++ -o conftest -g -O2 -Wall -Wextra -Wformat -Wformat-security -Wno-unused-parameter  -Wstack-protector -fstack-protector-all -fPIE  -DBOOST_SPIRIT_THREADSAFE -DHAVE_BUILD_INFO -D__STDC_FORMAT_MACROS -isystem /opt/local/include -I/opt/local/include/db48 -I/usr/local/opt/berkeley-db@4/include -DMAC_OSX  -U_FORTIFY_SOURCE -D_FORTIFY_SOURCE=2 -I/usr/local/include   -pie -Wl,-dead_strip -L/usr/local/lib conftest.cpp -lboost_program_options-mt   -L/opt/local/lib -L/opt/local/lib/db48 -L/usr/local/opt/berkeley-db@4/lib >&5
clang: warning: argument unused during compilation: '-pie'
ld: warning: directory not found for option '-L/opt/local/lib/db48'
configure:11369: $? = 0
configure:11379: result: yes
configure:11522: checking whether the Boost::Thread library is available
configure:11554: g++ -c -pthread -g -O2 -Wall -Wextra -Wformat -Wformat-security -Wno-unused-parameter  -Wstack-protector -fstack-protector-all -fPIE  -DBOOST_SPIRIT_THREADSAFE -DHAVE_BUILD_INFO -D__STDC_FORMAT_MACROS -isystem /opt/local/include -I/opt/local/include/db48 -I/usr/local/opt/berkeley-db@4/include -DMAC_OSX  -U_FORTIFY_SOURCE -D_FORTIFY_SOURCE=2 -I/usr/local/include conftest.cpp >&5
configure:11554: $? = 0
configure:11569: result: yes
configure:11599: checking for exit in -lboost_thread-mt
configure:11624: g++ -o conftest -g -O2 -Wall -Wextra -Wformat -Wformat-security -Wno-unused-parameter  -Wstack-protector -fstack-protector-all -fPIE  -DBOOST_SPIRIT_THREADSAFE -DHAVE_BUILD_INFO -D__STDC_FORMAT_MACROS -isystem /opt/local/include -I/opt/local/include/db48 -I/usr/local/opt/berkeley-db@4/include -DMAC_OSX  -U_FORTIFY_SOURCE -D_FORTIFY_SOURCE=2 -I/usr/local/include   -pie -Wl,-dead_strip -L/usr/local/lib conftest.cpp -lboost_thread-mt   -L/opt/local/lib -L/opt/local/lib/db48 -L/usr/local/opt/berkeley-db@4/lib >&5
clang: warning: argument unused during compilation: '-pie'
ld: warning: directory not found for option '-L/opt/local/lib/db48'
configure:11624: $? = 0
configure:11634: result: yes
configure:11794: checking whether the Boost::Chrono library is available
configure:11818: g++ -c -g -O2 -Wall -Wextra -Wformat -Wformat-security -Wno-unused-parameter  -Wstack-protector -fstack-protector-all -fPIE  -DBOOST_SPIRIT_THREADSAFE -DHAVE_BUILD_INFO -D__STDC_FORMAT_MACROS -isystem /opt/local/include -I/opt/local/include/db48 -I/usr/local/opt/berkeley-db@4/include -DMAC_OSX  -U_FORTIFY_SOURCE -D_FORTIFY_SOURCE=2 -pthread -I/usr/local/include conftest.cpp >&5
configure:11818: $? = 0
configure:11833: result: yes
configure:11849: checking for exit in -lboost_chrono-mt
configure:11874: g++ -o conftest -g -O2 -Wall -Wextra -Wformat -Wformat-security -Wno-unused-parameter  -Wstack-protector -fstack-protector-all -fPIE  -DBOOST_SPIRIT_THREADSAFE -DHAVE_BUILD_INFO -D__STDC_FORMAT_MACROS -isystem /opt/local/include -I/opt/local/include/db48 -I/usr/local/opt/berkeley-db@4/include -DMAC_OSX  -U_FORTIFY_SOURCE -D_FORTIFY_SOURCE=2 -pthread -I/usr/local/include   -pie -Wl,-dead_strip -L/usr/local/lib conftest.cpp -lboost_chrono-mt   -L/opt/local/lib -L/opt/local/lib/db48 -L/usr/local/opt/berkeley-db@4/lib >&5
clang: warning: argument unused during compilation: '-pie'
ld: warning: directory not found for option '-L/opt/local/lib/db48'
configure:11874: $? = 0
configure:11884: result: yes
configure:12043: checking whether the Boost::Unit_Test_Framework library is available
configure:12066: g++ -c -g -O2 -Wall -Wextra -Wformat -Wformat-security -Wno-unused-parameter  -Wstack-protector -fstack-protector-all -fPIE  -DBOOST_SPIRIT_THREADSAFE -DHAVE_BUILD_INFO -D__STDC_FORMAT_MACROS -isystem /opt/local/include -I/opt/local/include/db48 -I/usr/local/opt/berkeley-db@4/include -DMAC_OSX  -U_FORTIFY_SOURCE -D_FORTIFY_SOURCE=2 -pthread -I/usr/local/include conftest.cpp >&5
conftest.cpp:40:21: warning: unused variable 'test' [-Wunused-variable]
                                                         test_suite* test= BOOST_TEST_SUITE( "Unit test example 1" ); return 0;
                                                                     ^
1 warning generated.
configure:12066: $? = 0
configure:12080: result: yes
configure:12192: checking for dynamic linked boost test
configure:12207: g++ -o conftest -g -O2 -Wall -Wextra -Wformat -Wformat-security -Wno-unused-parameter  -Wstack-protector -fstack-protector-all -fPIE  -DBOOST_SPIRIT_THREADSAFE -DHAVE_BUILD_INFO -D__STDC_FORMAT_MACROS -isystem /opt/local/include -I/opt/local/include/db48 -I/usr/local/opt/berkeley-db@4/include -DMAC_OSX  -U_FORTIFY_SOURCE -D_FORTIFY_SOURCE=2 -pthread -I/usr/local/include   -pie -Wl,-dead_strip conftest.cpp  -L/opt/local/lib -L/opt/local/lib/db48 -L/usr/local/opt/berkeley-db@4/lib -L/usr/local/lib -lboost_unit_test_framework-mt >&5
clang: warning: argument unused during compilation: '-pie'
ld: warning: directory not found for option '-L/opt/local/lib/db48'
configure:12207: $? = 0
configure:12208: result: yes
configure:12251: g++ -o conftest -g -O2 -Wall -Wextra -Wformat -Wformat-security -Wno-unused-parameter  -Wstack-protector -fstack-protector-all -fPIE  -DBOOST_SPIRIT_THREADSAFE -DHAVE_BUILD_INFO -D__STDC_FORMAT_MACROS -isystem /opt/local/include -I/opt/local/include/db48 -I/usr/local/opt/berkeley-db@4/include -DMAC_OSX  -U_FORTIFY_SOURCE -D_FORTIFY_SOURCE=2 -pthread -I/usr/local/include   -pie -Wl,-dead_strip conftest.cpp  -L/opt/local/lib -L/opt/local/lib/db48 -L/usr/local/opt/berkeley-db@4/lib -L/usr/local/lib -lboost_system -lboost_filesystem -lboost_program_options-mt -lboost_thread-mt -lboost_chrono-mt  >&5
clang: warning: argument unused during compilation: '-pie'
ld: warning: directory not found for option '-L/opt/local/lib/db48'
configure:12251: $? = 0
configure:12387: checking for SSL
configure:12394: $PKG_CONFIG --exists --print-errors "libssl"
configure:12397: $? = 0
configure:12411: $PKG_CONFIG --exists --print-errors "libssl"
configure:12414: $? = 0
configure:12452: result: yes
configure:12458: checking for CRYPTO
configure:12465: $PKG_CONFIG --exists --print-errors "libcrypto"
configure:12468: $? = 0
configure:12482: $PKG_CONFIG --exists --print-errors "libcrypto"
configure:12485: $? = 0
configure:12523: result: yes
configure:12532: checking for PROTOBUF
configure:12539: $PKG_CONFIG --exists --print-errors "protobuf"
Package protobuf was not found in the pkg-config search path.
Perhaps you should add the directory containing `protobuf.pc'
to the PKG_CONFIG_PATH environment variable
No package 'protobuf' found
configure:12542: $? = 1
configure:12556: $PKG_CONFIG --exists --print-errors "protobuf"
Package protobuf was not found in the pkg-config search path.
Perhaps you should add the directory containing `protobuf.pc'
to the PKG_CONFIG_PATH environment variable
No package 'protobuf' found
configure:12559: $? = 1
configure:12573: result: no
No package 'protobuf' found
configure:12592: WARNING: libprotobuf not found; mtcoin-qt frontend will not be built
configure:13059: checking whether to build mtcoind
configure:13069: result: yes
configure:13072: checking whether to build mtcoin-cli
configure:13082: result: yes
configure:15220: checking whether to build MTcoin Core GUI
configure:15250: result: no (Qt)
configure:15273: checking if ccache should be used
configure:15286: result: no
configure:15290: checking if wallet should be enabled
configure:15293: result: yes
configure:15306: checking whether to build with support for UPnP
configure:15337: result: no
configure:15393: checking whether to build test_mtcoin
configure:15396: result: yes
configure:15637: checking that generated files are newer than configure
configure:15643: result: done
configure:15731: creating ./config.status

## ---------------------- ##
## Running config.status. ##
## ---------------------- ##

This file was extended by MTcoin Core config.status 0.9.5, which was
generated by GNU Autoconf 2.69.  Invocation command line was

  CONFIG_FILES    = 
  CONFIG_HEADERS  = 
  CONFIG_LINKS    = 
  CONFIG_COMMANDS = 
  $ ./config.status 

on whitebear24.local

config.status:1022: creating Makefile
config.status:1022: creating src/Makefile
config.status:1022: creating src/test/Makefile
config.status:1022: creating src/qt/Makefile
config.status:1022: creating src/qt/test/Makefile
config.status:1022: creating share/setup.nsi
config.status:1022: creating share/qt/Info.plist
config.status:1022: creating qa/pull-tester/run-mtcoind-for-test.sh
config.status:1022: creating qa/pull-tester/build-tests.sh
config.status:1022: creating src/mtcoin-config.h
config.status:1251: executing depfiles commands

## ---------------- ##
## Cache variables. ##
## ---------------- ##

ac_cv_build=x86_64-apple-darwin15.0.0
ac_cv_c_bigendian=no
ac_cv_c_compiler_gnu=yes
ac_cv_cxx_compiler_gnu=yes
ac_cv_env_CCC_set=
ac_cv_env_CCC_value=
ac_cv_env_CC_set=
ac_cv_env_CC_value=
ac_cv_env_CFLAGS_set=
ac_cv_env_CFLAGS_value=
ac_cv_env_CPPFLAGS_set=
ac_cv_env_CPPFLAGS_value=
ac_cv_env_CPP_set=
ac_cv_env_CPP_value=
ac_cv_env_CRYPTO_CFLAGS_set=
ac_cv_env_CRYPTO_CFLAGS_value=
ac_cv_env_CRYPTO_LIBS_set=
ac_cv_env_CRYPTO_LIBS_value=
ac_cv_env_CXXCPP_set=
ac_cv_env_CXXCPP_value=
ac_cv_env_CXXFLAGS_set=
ac_cv_env_CXXFLAGS_value=
ac_cv_env_CXX_set=
ac_cv_env_CXX_value=
ac_cv_env_LDFLAGS_set=
ac_cv_env_LDFLAGS_value=
ac_cv_env_LIBS_set=
ac_cv_env_LIBS_value=
ac_cv_env_OBJCFLAGS_set=
ac_cv_env_OBJCFLAGS_value=
ac_cv_env_OBJCXXFLAGS_set=
ac_cv_env_OBJCXXFLAGS_value=
ac_cv_env_OBJCXX_set=
ac_cv_env_OBJCXX_value=
ac_cv_env_OBJC_set=
ac_cv_env_OBJC_value=
ac_cv_env_PKG_CONFIG_LIBDIR_set=
ac_cv_env_PKG_CONFIG_LIBDIR_value=
ac_cv_env_PKG_CONFIG_PATH_set=
ac_cv_env_PKG_CONFIG_PATH_value=
ac_cv_env_PKG_CONFIG_set=
ac_cv_env_PKG_CONFIG_value=
ac_cv_env_PROTOBUF_CFLAGS_set=
ac_cv_env_PROTOBUF_CFLAGS_value=
ac_cv_env_PROTOBUF_LIBS_set=
ac_cv_env_PROTOBUF_LIBS_value=
ac_cv_env_QR_CFLAGS_set=
ac_cv_env_QR_CFLAGS_value=
ac_cv_env_QR_LIBS_set=
ac_cv_env_QR_LIBS_value=
ac_cv_env_QT_CFLAGS_set=
ac_cv_env_QT_CFLAGS_value=
ac_cv_env_QT_DBUS_CFLAGS_set=
ac_cv_env_QT_DBUS_CFLAGS_value=
ac_cv_env_QT_DBUS_LIBS_set=
ac_cv_env_QT_DBUS_LIBS_value=
ac_cv_env_QT_LIBS_set=
ac_cv_env_QT_LIBS_value=
ac_cv_env_QT_TEST_CFLAGS_set=
ac_cv_env_QT_TEST_CFLAGS_value=
ac_cv_env_QT_TEST_LIBS_set=
ac_cv_env_QT_TEST_LIBS_value=
ac_cv_env_SSL_CFLAGS_set=
ac_cv_env_SSL_CFLAGS_value=
ac_cv_env_SSL_LIBS_set=
ac_cv_env_SSL_LIBS_value=
ac_cv_env_build_alias_set=
ac_cv_env_build_alias_value=
ac_cv_env_host_alias_set=
ac_cv_env_host_alias_value=
ac_cv_env_target_alias_set=
ac_cv_env_target_alias_value=
ac_cv_func_strerror_r=yes
ac_cv_func_strerror_r_char_p=no
ac_cv_have_decl_strerror_r=yes
ac_cv_header_inttypes_h=yes
ac_cv_header_memory_h=yes
ac_cv_header_stdc=yes
ac_cv_header_stdint_h=yes
ac_cv_header_stdio_h=yes
ac_cv_header_stdlib_h=yes
ac_cv_header_string_h=yes
ac_cv_header_strings_h=yes
ac_cv_header_sys_stat_h=yes
ac_cv_header_sys_types_h=yes
ac_cv_header_unistd_h=yes
ac_cv_host=x86_64-apple-darwin15.0.0
ac_cv_lib_boost_chrono_mt___exit=yes
ac_cv_lib_boost_filesystem___exit=yes
ac_cv_lib_boost_program_options_mt___exit=yes
ac_cv_lib_boost_system___exit=yes
ac_cv_lib_boost_thread_mt___exit=yes
ac_cv_lib_db_cxx_4_8___main=yes
ac_cv_objc_compiler_gnu=yes
ac_cv_objcxx_compiler_gnu=yes
ac_cv_objext=o
ac_cv_path_EGREP='/usr/bin/grep -E'
ac_cv_path_GIT=/usr/bin/git
ac_cv_path_GREP=/usr/bin/grep
ac_cv_path_HEXDUMP=/usr/bin/hexdump
ac_cv_path_JAVA=/usr/bin/java
ac_cv_path_SED=/opt/local/bin/gsed
ac_cv_path_XGETTEXT=/opt/local/bin/xgettext
ac_cv_path_ac_pt_AR=/usr/bin/ar
ac_cv_path_ac_pt_GCOV=/usr/bin/gcov
ac_cv_path_ac_pt_PKG_CONFIG=/opt/local/bin/pkg-config
ac_cv_path_ac_pt_RANLIB=/usr/bin/ranlib
ac_cv_path_ac_pt_STRIP=/usr/bin/strip
ac_cv_path_install='/usr/bin/install -c'
ac_cv_prog_AWK=awk
ac_cv_prog_BREW=brew
ac_cv_prog_CPP='gcc -E'
ac_cv_prog_CXXCPP='g++ -E'
ac_cv_prog_PORT=port
ac_cv_prog_ac_ct_CC=gcc
ac_cv_prog_ac_ct_CXX=g++
ac_cv_prog_ac_ct_OBJC=gcc
ac_cv_prog_ac_ct_OBJCXX=g++
ac_cv_prog_cc_c89=
ac_cv_prog_cc_g=yes
ac_cv_prog_cxx_g=yes
ac_cv_prog_make_make_set=yes
ac_cv_prog_objc_g=yes
ac_cv_prog_objcxx_g=yes
ac_cv_sys_file_offset_bits=no
ac_cv_sys_largefile_CC=no
am_cv_CC_dependencies_compiler_type=gcc3
am_cv_CXX_dependencies_compiler_type=gcc3
am_cv_OBJCXX_dependencies_compiler_type=gcc3
am_cv_OBJC_dependencies_compiler_type=gcc3
am_cv_make_support_nested_variables=yes
am_cv_prog_cc_c_o=yes
ax_cv_PTHREAD_PRIO_INHERIT=yes
ax_cv_boost_chrono=yes
ax_cv_boost_filesystem=yes
ax_cv_boost_program_options=yes
ax_cv_boost_system=yes
ax_cv_boost_thread=yes
ax_cv_boost_unit_test_framework=yes
ax_cv_check_cxxcppflags___D_FORTIFY_SOURCE_2=yes
ax_cv_check_cxxcppflags___U_FORTIFY_SOURCE=yes
ax_cv_check_cxxflags___Wstack_protector=yes
ax_cv_check_cxxflags___fPIE=yes
ax_cv_check_cxxflags___fstack_protector_all=yes
ax_cv_check_ldflags___Wl___dynamicbase=no
ax_cv_check_ldflags___Wl___large_address_aware=no
ax_cv_check_ldflags___Wl___nxcompat=no
ax_cv_check_ldflags___Wl__dead_strip=yes
ax_cv_check_ldflags___Wl__z_now=no
ax_cv_check_ldflags___Wl__z_relro=no
ax_cv_check_ldflags___pie=yes
pkg_cv_CRYPTO_CFLAGS='-I/usr/local/Cellar/openssl/1.0.2j/include '
pkg_cv_CRYPTO_LIBS='-L/usr/local/Cellar/openssl/1.0.2j/lib -lcrypto '
pkg_cv_SSL_CFLAGS='-I/usr/local/Cellar/openssl/1.0.2j/include '
pkg_cv_SSL_LIBS='-L/usr/local/Cellar/openssl/1.0.2j/lib -lssl '

## ----------------- ##
## Output variables. ##
## ----------------- ##

ACLOCAL='${SHELL} /Users/mori/Documents/bitcoin/src/build-aux/missing aclocal-1.15'
AMDEPBACKSLASH='\'
AMDEP_FALSE='#'
AMDEP_TRUE=''
AMTAR='$${TAR-tar}'
AM_BACKSLASH='\'
AM_DEFAULT_V='$(AM_DEFAULT_VERBOSITY)'
AM_DEFAULT_VERBOSITY='0'
AM_V='$(V)'
AR='/usr/bin/ar'
AUTOCONF='${SHELL} /Users/mori/Documents/bitcoin/src/build-aux/missing autoconf'
AUTOHEADER='${SHELL} /Users/mori/Documents/bitcoin/src/build-aux/missing autoheader'
AUTOMAKE='${SHELL} /Users/mori/Documents/bitcoin/src/build-aux/missing automake-1.15'
AWK='awk'
BDB_CPPFLAGS=''
BDB_LIBS='-ldb_cxx-4.8'
BOOST_CHRONO_LIB='-lboost_chrono-mt '
BOOST_CPPFLAGS='-pthread -I/usr/local/include'
BOOST_FILESYSTEM_LIB='-lboost_filesystem'
BOOST_LDFLAGS='-L/usr/local/lib'
BOOST_LIBS='-L/usr/local/lib -lboost_system -lboost_filesystem -lboost_program_options-mt -lboost_thread-mt -lboost_chrono-mt '
BOOST_PROGRAM_OPTIONS_LIB='-lboost_program_options-mt'
BOOST_SYSTEM_LIB='-lboost_system'
BOOST_THREAD_LIB='-lboost_thread-mt'
BOOST_UNIT_TEST_FRAMEWORK_LIB='-lboost_unit_test_framework-mt'
BREW='brew'
BUILD_DARWIN_FALSE='#'
BUILD_DARWIN_TRUE=''
BUILD_MTcoinD_FALSE='#'
BUILD_MTcoinD_TRUE=''
BUILD_MTcoin_CLI_FALSE='#'
BUILD_MTcoin_CLI_TRUE=''
BUILD_QT=''
BUILD_TEST='test'
BUILD_TEST_QT=''
CC='gcc'
CCACHE=''
CCDEPMODE='depmode=gcc3'
CFLAGS='-g -O2'
CLIENT_VERSION_BUILD='0'
CLIENT_VERSION_IS_RELEASE='true'
CLIENT_VERSION_MAJOR='0'
CLIENT_VERSION_MINOR='9'
CLIENT_VERSION_REVISION='5'
COMPARISON_TOOL_REORG_TESTS='0'
COPYRIGHT_YEAR='2015'
CPP='gcc -E'
CPPFLAGS=' -DBOOST_SPIRIT_THREADSAFE -DHAVE_BUILD_INFO -D__STDC_FORMAT_MACROS -isystem /opt/local/include -I/opt/local/include/db48 -I/usr/local/opt/berkeley-db@4/include -DMAC_OSX  -U_FORTIFY_SOURCE -D_FORTIFY_SOURCE=2'
CRYPTO_CFLAGS='-I/usr/local/Cellar/openssl/1.0.2j/include '
CRYPTO_LIBS='-L/usr/local/Cellar/openssl/1.0.2j/lib -lcrypto '
CXX='g++'
CXXCPP='g++ -E'
CXXDEPMODE='depmode=gcc3'
CXXFLAGS='-g -O2 -Wall -Wextra -Wformat -Wformat-security -Wno-unused-parameter  -Wstack-protector -fstack-protector-all -fPIE'
CYGPATH_W='echo'
DEFS='-DHAVE_CONFIG_H'
DEPDIR='.deps'
ECHO_C='\c'
ECHO_N=''
ECHO_T=''
EGREP='/usr/bin/grep -E'
EMBEDDED_LEVELDB_FALSE='#'
EMBEDDED_LEVELDB_TRUE=''
ENABLE_WALLET_FALSE='#'
ENABLE_WALLET_TRUE=''
EXEEXT=''
GCOV='/usr/bin/gcov'
GENHTML=''
GENISOIMAGE=''
GIT='/usr/bin/git'
GLIBC_BACK_COMPAT_FALSE=''
GLIBC_BACK_COMPAT_TRUE='#'
GREP='/usr/bin/grep'
HEXDUMP='/usr/bin/hexdump'
INCLUDES=' -D_THREAD_SAFE -pthread -I/usr/local/Cellar/openssl/1.0.2j/include  -I/usr/local/Cellar/openssl/1.0.2j/include '
INSTALLNAMETOOL=''
INSTALL_DATA='${INSTALL} -m 644'
INSTALL_PROGRAM='${INSTALL}'
INSTALL_SCRIPT='${INSTALL}'
INSTALL_STRIP_PROGRAM='$(install_sh) -c -s'
JAVA='/usr/bin/java'
JAVA_COMPARISON_TOOL=''
LCOV=''
LDFLAGS='  -pie -Wl,-dead_strip'
LEVELDB_CPPFLAGS=''
LEVELDB_TARGET_FLAGS='TARGET_OS=Darwin'
LIBLEVELDB=''
LIBMEMENV=''
LIBOBJS=''
LIBS=' -L/opt/local/lib -L/opt/local/lib/db48 -L/usr/local/opt/berkeley-db@4/lib -L/usr/local/Cellar/openssl/1.0.2j/lib -lssl  -L/usr/local/Cellar/openssl/1.0.2j/lib -lcrypto '
LN_S='ln -s'
LRELEASE=''
LTLIBOBJS=''
LUPDATE=''
MAINT=''
MAINTAINER_MODE_FALSE='#'
MAINTAINER_MODE_TRUE=''
MAKEINFO='${SHELL} /Users/mori/Documents/bitcoin/src/build-aux/missing makeinfo'
MAKENSIS=''
MKDIR_P='src/build-aux/install-sh -c -d'
MOC=''
MOC_DEFS='-DHAVE_CONFIG_H -I$(top_srcdir)/src'
OBJC='gcc'
OBJCDEPMODE='depmode=gcc3'
OBJCFLAGS='-g -O2'
OBJCXX='g++'
OBJCXXDEPMODE='depmode=gcc3'
OBJCXXFLAGS='-g -O2 -Wall -Wextra -Wformat -Wformat-security -Wno-unused-parameter  -Wstack-protector -fstack-protector-all -fPIE'
OBJEXT='o'
OTOOL=''
PACKAGE='mtcoin'
PACKAGE_BUGREPORT='info@mtcoin.org'
PACKAGE_NAME='MTcoin Core'
PACKAGE_STRING='MTcoin Core 0.9.5'
PACKAGE_TARNAME='mtcoin'
PACKAGE_URL=''
PACKAGE_VERSION='0.9.5'
PATH_SEPARATOR=':'
PKG_CONFIG='/opt/local/bin/pkg-config'
PKG_CONFIG_LIBDIR=''
PKG_CONFIG_PATH='/usr/local/Cellar/qt/5.8.0_2/lib/pkgconfig:/usr/local/opt/openssl/lib/pkgconfig:'
PORT='port'
PROTOBUF_CFLAGS=''
PROTOBUF_LIBS=''
PROTOC=''
PTHREAD_CC='gcc'
PTHREAD_CFLAGS='-D_THREAD_SAFE -pthread'
PTHREAD_LIBS=''
QR_CFLAGS=''
QR_LIBS=''
QT_CFLAGS=''
QT_DBUS_CFLAGS=''
QT_DBUS_INCLUDES=''
QT_DBUS_LIBS=''
QT_INCLUDES=''
QT_LDFLAGS=''
QT_LIBS=''
QT_SELECT='qt'
QT_TEST_CFLAGS=''
QT_TEST_INCLUDES=''
QT_TEST_LIBS=''
RANLIB='/usr/bin/ranlib'
RCC=''
SED='/opt/local/bin/gsed'
SET_MAKE=''
SHELL='/bin/sh'
SSL_CFLAGS='-I/usr/local/Cellar/openssl/1.0.2j/include '
SSL_LIBS='-L/usr/local/Cellar/openssl/1.0.2j/lib -lssl '
STRIP='/usr/bin/strip'
TARGET_DARWIN_FALSE='#'
TARGET_DARWIN_TRUE=''
TARGET_WINDOWS_FALSE=''
TARGET_WINDOWS_TRUE='#'
TESTDEFS=' -DBOOST_TEST_DYN_LINK'
UIC=''
USE_COMPARISON_TOOL_FALSE=''
USE_COMPARISON_TOOL_REORG_TESTS_FALSE='#'
USE_COMPARISON_TOOL_REORG_TESTS_TRUE=''
USE_COMPARISON_TOOL_TRUE='#'
USE_LCOV_FALSE=''
USE_LCOV_TRUE='#'
USE_QRCODE=''
USE_QRCODE_FALSE=''
USE_QRCODE_TRUE='#'
USE_UPNP=''
VERSION='0.9.5'
WINDOWS_BITS=''
WINDRES=''
XGETTEXT='/opt/local/bin/xgettext'
ac_ct_CC='gcc'
ac_ct_CXX='g++'
ac_ct_OBJC='gcc'
ac_ct_OBJCXX='g++'
am__EXEEXT_FALSE=''
am__EXEEXT_TRUE='#'
am__fastdepCC_FALSE='#'
am__fastdepCC_TRUE=''
am__fastdepCXX_FALSE='#'
am__fastdepCXX_TRUE=''
am__fastdepOBJCXX_FALSE='#'
am__fastdepOBJCXX_TRUE=''
am__fastdepOBJC_FALSE='#'
am__fastdepOBJC_TRUE=''
am__include='include'
am__isrc=''
am__leading_dot='.'
am__nodep='_no'
am__quote=''
am__tar='$${TAR-tar} chof - "$$tardir"'
am__untar='$${TAR-tar} xf -'
ax_pthread_config=''
bindir='${exec_prefix}/bin'
build='x86_64-apple-darwin15.0.0'
build_alias=''
build_cpu='x86_64'
build_os='darwin15.0.0'
build_vendor='apple'
datadir='${datarootdir}'
datarootdir='${prefix}/share'
docdir='${datarootdir}/doc/${PACKAGE_TARNAME}'
dvidir='${docdir}'
exec_prefix='${prefix}'
host='x86_64-apple-darwin15.0.0'
host_alias=''
host_cpu='x86_64'
host_os='darwin15.0.0'
host_vendor='apple'
htmldir='${docdir}'
includedir='${prefix}/include'
infodir='${datarootdir}/info'
install_sh='${SHELL} /Users/mori/Documents/bitcoin/src/build-aux/install-sh'
libdir='${exec_prefix}/lib'
libexecdir='${exec_prefix}/libexec'
localedir='${datarootdir}/locale'
localstatedir='${prefix}/var'
mandir='${datarootdir}/man'
mkdir_p='$(MKDIR_P)'
oldincludedir='/usr/include'
pdfdir='${docdir}'
prefix='/usr/local'
program_transform_name='s,x,x,'
psdir='${docdir}'
sbindir='${exec_prefix}/sbin'
sharedstatedir='${prefix}/com'
sysconfdir='${prefix}/etc'
target_alias=''

## ----------- ##
## confdefs.h. ##
## ----------- ##

/* confdefs.h */
#define PACKAGE_NAME "MTcoin Core"
#define PACKAGE_TARNAME "mtcoin"
#define PACKAGE_VERSION "0.9.5"
#define PACKAGE_STRING "MTcoin Core 0.9.5"
#define PACKAGE_BUGREPORT "info@mtcoin.org"
#define PACKAGE_URL ""
#define STDC_HEADERS 1
#define HAVE_SYS_TYPES_H 1
#define HAVE_SYS_STAT_H 1
#define HAVE_STDLIB_H 1
#define HAVE_STRING_H 1
#define HAVE_MEMORY_H 1
#define HAVE_STRINGS_H 1
#define HAVE_INTTYPES_H 1
#define HAVE_STDINT_H 1
#define HAVE_UNISTD_H 1
#define HAVE_PTHREAD_PRIO_INHERIT 1
#define HAVE_PTHREAD 1
#define HAVE_DECL_STRERROR_R 1
#define HAVE_STRERROR_R 1
#define HAVE_STDIO_H 1
#define HAVE_STDLIB_H 1
#define HAVE_UNISTD_H 1
#define HAVE_STRINGS_H 1
#define HAVE_SYS_TYPES_H 1
#define HAVE_SYS_STAT_H 1
#define HAVE_BOOST /**/
#define HAVE_BOOST_SYSTEM /**/
#define HAVE_BOOST_FILESYSTEM /**/
#define HAVE_BOOST_PROGRAM_OPTIONS /**/
#define HAVE_BOOST_THREAD /**/
#define HAVE_BOOST_CHRONO /**/
#define HAVE_BOOST_UNIT_TEST_FRAMEWORK /**/
#define HAVE_WORKING_BOOST_SLEEP_FOR 1
#define ENABLE_WALLET 1
#define CLIENT_VERSION_MAJOR 0
#define CLIENT_VERSION_MINOR 9
#define CLIENT_VERSION_REVISION 5
#define CLIENT_VERSION_BUILD 0
#define CLIENT_VERSION_IS_RELEASE true
#define COPYRIGHT_YEAR 2015

configure: exit 0
